2022-02-15 16:10:53.831  INFO 27432 --- [main] com.haha.TestClazzService                : Starting TestClazzService using Java 1.8.0_201 on LAPTOP-UAO6C554 with PID 27432 (started by 86182 in D:\Main\JavaDemos\ems)
2022-02-15 16:10:53.833  INFO 27432 --- [main] com.haha.TestClazzService                : No active profile set, falling back to default profiles: default
2022-02-15 16:10:55.384  INFO 27432 --- [main] com.haha.TestClazzService                : Started TestClazzService in 1.806 seconds (JVM running for 2.552)
2022-02-15 16:10:55.385  INFO 27432 --- [main] o.s.b.a.ApplicationAvailabilityBean      : Application availability state LivenessState changed to CORRECT
2022-02-15 16:10:55.387  INFO 27432 --- [main] o.s.b.a.ApplicationAvailabilityBean      : Application availability state ReadinessState changed to ACCEPTING_TRAFFIC
2022-02-15 16:10:55.664  INFO 27432 --- [main] com.alibaba.druid.pool.DruidDataSource   : {dataSource-1} inited
2022-02-15 16:10:56.374 DEBUG 27432 --- [main] com.haha.dao.ClazzDao.findAll            : ==>  Preparing: select * from t_clazz
2022-02-15 16:10:56.392 DEBUG 27432 --- [main] com.haha.dao.ClazzDao.findAll            : ==> Parameters: 
2022-02-15 16:10:56.412 DEBUG 27432 --- [main] com.haha.dao.ClazzDao.findAll            : <==      Total: 2
2022-02-15 16:48:58.448  INFO 26308 --- [restartedMain] com.haha.EmsApplication                  : Starting EmsApplication using Java 1.8.0_201 on LAPTOP-UAO6C554 with PID 26308 (D:\Main\JavaDemos\ems\target\classes started by 86182 in D:\Main\JavaDemos\ems)
2022-02-15 16:48:58.450  INFO 26308 --- [restartedMain] com.haha.EmsApplication                  : No active profile set, falling back to default profiles: default
2022-02-15 16:48:58.482  INFO 26308 --- [restartedMain] .e.DevToolsPropertyDefaultsPostProcessor : Devtools property defaults active! Set 'spring.devtools.add-properties' to 'false' to disable
2022-02-15 16:48:58.482  INFO 26308 --- [restartedMain] .e.DevToolsPropertyDefaultsPostProcessor : For additional web related logging consider setting the 'logging.level.web' property to 'DEBUG'
2022-02-15 16:48:59.188  INFO 26308 --- [restartedMain] o.s.b.w.embedded.tomcat.TomcatWebServer  : Tomcat initialized with port(s): 8080 (http)
2022-02-15 16:48:59.194  INFO 26308 --- [restartedMain] o.apache.catalina.core.StandardService   : Starting service [Tomcat]
2022-02-15 16:48:59.194  INFO 26308 --- [restartedMain] org.apache.catalina.core.StandardEngine  : Starting Servlet engine: [Apache Tomcat/9.0.46]
2022-02-15 16:48:59.196  INFO 26308 --- [restartedMain] o.a.catalina.core.AprLifecycleListener   : Loaded Apache Tomcat Native library [1.2.23] using APR version [1.7.0].
2022-02-15 16:48:59.196  INFO 26308 --- [restartedMain] o.a.catalina.core.AprLifecycleListener   : APR capabilities: IPv6 [true], sendfile [true], accept filters [false], random [true].
2022-02-15 16:48:59.196  INFO 26308 --- [restartedMain] o.a.catalina.core.AprLifecycleListener   : APR/OpenSSL configuration: useAprConnector [false], useOpenSSL [true]
2022-02-15 16:48:59.198  INFO 26308 --- [restartedMain] o.a.catalina.core.AprLifecycleListener   : OpenSSL successfully initialized [OpenSSL 1.1.1c  28 May 2019]
2022-02-15 16:48:59.256  INFO 26308 --- [restartedMain] o.a.c.c.C.[Tomcat].[localhost].[/ems]    : Initializing Spring embedded WebApplicationContext
2022-02-15 16:48:59.256  INFO 26308 --- [restartedMain] w.s.c.ServletWebServerApplicationContext : Root WebApplicationContext: initialization completed in 774 ms
2022-02-15 16:48:59.710  INFO 26308 --- [restartedMain] o.s.b.d.a.OptionalLiveReloadServer       : LiveReload server is running on port 35729
2022-02-15 16:48:59.735  INFO 26308 --- [restartedMain] o.s.b.w.embedded.tomcat.TomcatWebServer  : Tomcat started on port(s): 8080 (http) with context path '/ems'
2022-02-15 16:48:59.743  INFO 26308 --- [restartedMain] com.haha.EmsApplication                  : Started EmsApplication in 1.578 seconds (JVM running for 2.323)
2022-02-15 16:48:59.744  INFO 26308 --- [restartedMain] o.s.b.a.ApplicationAvailabilityBean      : Application availability state LivenessState changed to CORRECT
2022-02-15 16:48:59.746  INFO 26308 --- [restartedMain] o.s.b.a.ApplicationAvailabilityBean      : Application availability state ReadinessState changed to ACCEPTING_TRAFFIC
2022-02-15 16:49:11.625  INFO 26308 --- [http-nio-8080-exec-1] o.a.c.c.C.[Tomcat].[localhost].[/ems]    : Initializing Spring DispatcherServlet 'dispatcherServlet'
2022-02-15 16:49:11.626  INFO 26308 --- [http-nio-8080-exec-1] o.s.web.servlet.DispatcherServlet        : Initializing Servlet 'dispatcherServlet'
2022-02-15 16:49:11.626  INFO 26308 --- [http-nio-8080-exec-1] o.s.web.servlet.DispatcherServlet        : Completed initialization in 0 ms
2022-02-15 16:51:12.172  INFO 26308 --- [Thread-9] o.s.b.a.ApplicationAvailabilityBean      : Application availability state ReadinessState changed from ACCEPTING_TRAFFIC to REFUSING_TRAFFIC
2022-02-15 16:51:12.417  INFO 26308 --- [Thread-9] com.alibaba.druid.pool.DruidDataSource   : {dataSource-0} closing ...
2022-02-15 16:51:12.498  INFO 26308 --- [restartedMain] com.haha.EmsApplication                  : Starting EmsApplication using Java 1.8.0_201 on LAPTOP-UAO6C554 with PID 26308 (D:\Main\JavaDemos\ems\target\classes started by 86182 in D:\Main\JavaDemos\ems)
2022-02-15 16:51:12.498  INFO 26308 --- [restartedMain] com.haha.EmsApplication                  : No active profile set, falling back to default profiles: default
2022-02-15 16:51:12.647  INFO 26308 --- [restartedMain] o.s.b.w.embedded.tomcat.TomcatWebServer  : Tomcat initialized with port(s): 8080 (http)
2022-02-15 16:51:12.647  INFO 26308 --- [restartedMain] o.apache.catalina.core.StandardService   : Starting service [Tomcat]
2022-02-15 16:51:12.647  INFO 26308 --- [restartedMain] org.apache.catalina.core.StandardEngine  : Starting Servlet engine: [Apache Tomcat/9.0.46]
2022-02-15 16:51:12.648  INFO 26308 --- [restartedMain] o.a.catalina.core.AprLifecycleListener   : Loaded Apache Tomcat Native library [1.2.23] using APR version [1.7.0].
2022-02-15 16:51:12.648  INFO 26308 --- [restartedMain] o.a.catalina.core.AprLifecycleListener   : APR capabilities: IPv6 [true], sendfile [true], accept filters [false], random [true].
2022-02-15 16:51:12.648  INFO 26308 --- [restartedMain] o.a.catalina.core.AprLifecycleListener   : APR/OpenSSL configuration: useAprConnector [false], useOpenSSL [true]
2022-02-15 16:51:12.648  INFO 26308 --- [restartedMain] o.a.catalina.core.AprLifecycleListener   : OpenSSL successfully initialized [OpenSSL 1.1.1c  28 May 2019]
2022-02-15 16:51:12.663  INFO 26308 --- [restartedMain] o.a.c.c.C.[Tomcat].[localhost].[/ems]    : Initializing Spring embedded WebApplicationContext
2022-02-15 16:51:12.663  INFO 26308 --- [restartedMain] w.s.c.ServletWebServerApplicationContext : Root WebApplicationContext: initialization completed in 163 ms
2022-02-15 16:51:12.733  INFO 26308 --- [restartedMain] o.s.b.d.a.OptionalLiveReloadServer       : LiveReload server is running on port 35729
2022-02-15 16:51:12.741  INFO 26308 --- [restartedMain] o.s.b.w.embedded.tomcat.TomcatWebServer  : Tomcat started on port(s): 8080 (http) with context path '/ems'
2022-02-15 16:51:12.743  INFO 26308 --- [restartedMain] com.haha.EmsApplication                  : Started EmsApplication in 0.264 seconds (JVM running for 135.324)
2022-02-15 16:51:12.743  INFO 26308 --- [restartedMain] o.s.b.a.ApplicationAvailabilityBean      : Application availability state LivenessState changed to CORRECT
2022-02-15 16:51:12.744  INFO 26308 --- [restartedMain] .ConditionEvaluationDeltaLoggingListener : Condition evaluation unchanged
2022-02-15 16:51:12.745  INFO 26308 --- [restartedMain] o.s.b.a.ApplicationAvailabilityBean      : Application availability state ReadinessState changed to ACCEPTING_TRAFFIC
2022-02-15 16:51:31.821  INFO 24880 --- [restartedMain] com.haha.EmsApplication                  : Starting EmsApplication using Java 1.8.0_201 on LAPTOP-UAO6C554 with PID 24880 (D:\Main\JavaDemos\ems\target\classes started by 86182 in D:\Main\JavaDemos\ems)
2022-02-15 16:51:31.822  INFO 24880 --- [restartedMain] com.haha.EmsApplication                  : No active profile set, falling back to default profiles: default
2022-02-15 16:51:31.854  INFO 24880 --- [restartedMain] .e.DevToolsPropertyDefaultsPostProcessor : Devtools property defaults active! Set 'spring.devtools.add-properties' to 'false' to disable
2022-02-15 16:51:31.854  INFO 24880 --- [restartedMain] .e.DevToolsPropertyDefaultsPostProcessor : For additional web related logging consider setting the 'logging.level.web' property to 'DEBUG'
2022-02-15 16:51:32.505  INFO 24880 --- [restartedMain] o.s.b.w.embedded.tomcat.TomcatWebServer  : Tomcat initialized with port(s): 8080 (http)
2022-02-15 16:51:32.511  INFO 24880 --- [restartedMain] o.apache.catalina.core.StandardService   : Starting service [Tomcat]
2022-02-15 16:51:32.511  INFO 24880 --- [restartedMain] org.apache.catalina.core.StandardEngine  : Starting Servlet engine: [Apache Tomcat/9.0.46]
2022-02-15 16:51:32.512  INFO 24880 --- [restartedMain] o.a.catalina.core.AprLifecycleListener   : Loaded Apache Tomcat Native library [1.2.23] using APR version [1.7.0].
2022-02-15 16:51:32.512  INFO 24880 --- [restartedMain] o.a.catalina.core.AprLifecycleListener   : APR capabilities: IPv6 [true], sendfile [true], accept filters [false], random [true].
2022-02-15 16:51:32.513  INFO 24880 --- [restartedMain] o.a.catalina.core.AprLifecycleListener   : APR/OpenSSL configuration: useAprConnector [false], useOpenSSL [true]
2022-02-15 16:51:32.515  INFO 24880 --- [restartedMain] o.a.catalina.core.AprLifecycleListener   : OpenSSL successfully initialized [OpenSSL 1.1.1c  28 May 2019]
2022-02-15 16:51:32.691  INFO 24880 --- [restartedMain] org.apache.jasper.servlet.TldScanner     : At least one JAR was scanned for TLDs yet contained no TLDs. Enable debug logging for this logger for a complete list of JARs that were scanned but no TLDs were found in them. Skipping unneeded JARs during scanning can improve startup time and JSP compilation time.
2022-02-15 16:51:32.696  INFO 24880 --- [restartedMain] o.a.c.c.C.[Tomcat].[localhost].[/ems]    : Initializing Spring embedded WebApplicationContext
2022-02-15 16:51:32.697  INFO 24880 --- [restartedMain] w.s.c.ServletWebServerApplicationContext : Root WebApplicationContext: initialization completed in 843 ms
2022-02-15 16:51:33.137  INFO 24880 --- [restartedMain] o.s.b.d.a.OptionalLiveReloadServer       : LiveReload server is running on port 35729
2022-02-15 16:51:33.165  INFO 24880 --- [restartedMain] o.s.b.w.embedded.tomcat.TomcatWebServer  : Tomcat started on port(s): 8080 (http) with context path '/ems'
2022-02-15 16:51:33.172  INFO 24880 --- [restartedMain] com.haha.EmsApplication                  : Started EmsApplication in 1.633 seconds (JVM running for 2.378)
2022-02-15 16:51:33.173  INFO 24880 --- [restartedMain] o.s.b.a.ApplicationAvailabilityBean      : Application availability state LivenessState changed to CORRECT
2022-02-15 16:51:33.174  INFO 24880 --- [restartedMain] o.s.b.a.ApplicationAvailabilityBean      : Application availability state ReadinessState changed to ACCEPTING_TRAFFIC
2022-02-15 16:51:37.341  INFO 24880 --- [http-nio-8080-exec-1] o.a.c.c.C.[Tomcat].[localhost].[/ems]    : Initializing Spring DispatcherServlet 'dispatcherServlet'
2022-02-15 16:51:37.341  INFO 24880 --- [http-nio-8080-exec-1] o.s.web.servlet.DispatcherServlet        : Initializing Servlet 'dispatcherServlet'
2022-02-15 16:51:37.342  INFO 24880 --- [http-nio-8080-exec-1] o.s.web.servlet.DispatcherServlet        : Completed initialization in 1 ms
2022-02-15 16:53:50.879  INFO 24880 --- [Thread-9] o.s.b.a.ApplicationAvailabilityBean      : Application availability state ReadinessState changed from ACCEPTING_TRAFFIC to REFUSING_TRAFFIC
2022-02-15 16:53:51.157  INFO 24880 --- [Thread-9] com.alibaba.druid.pool.DruidDataSource   : {dataSource-0} closing ...
2022-02-15 16:53:51.291  INFO 24880 --- [restartedMain] com.haha.EmsApplication                  : Starting EmsApplication using Java 1.8.0_201 on LAPTOP-UAO6C554 with PID 24880 (D:\Main\JavaDemos\ems\target\classes started by 86182 in D:\Main\JavaDemos\ems)
2022-02-15 16:53:51.291  INFO 24880 --- [restartedMain] com.haha.EmsApplication                  : No active profile set, falling back to default profiles: default
2022-02-15 16:53:51.500  INFO 24880 --- [restartedMain] o.s.b.w.embedded.tomcat.TomcatWebServer  : Tomcat initialized with port(s): 8080 (http)
2022-02-15 16:53:51.501  INFO 24880 --- [restartedMain] o.apache.catalina.core.StandardService   : Starting service [Tomcat]
2022-02-15 16:53:51.501  INFO 24880 --- [restartedMain] org.apache.catalina.core.StandardEngine  : Starting Servlet engine: [Apache Tomcat/9.0.46]
2022-02-15 16:53:51.501  INFO 24880 --- [restartedMain] o.a.catalina.core.AprLifecycleListener   : Loaded Apache Tomcat Native library [1.2.23] using APR version [1.7.0].
2022-02-15 16:53:51.501  INFO 24880 --- [restartedMain] o.a.catalina.core.AprLifecycleListener   : APR capabilities: IPv6 [true], sendfile [true], accept filters [false], random [true].
2022-02-15 16:53:51.501  INFO 24880 --- [restartedMain] o.a.catalina.core.AprLifecycleListener   : APR/OpenSSL configuration: useAprConnector [false], useOpenSSL [true]
2022-02-15 16:53:51.502  INFO 24880 --- [restartedMain] o.a.catalina.core.AprLifecycleListener   : OpenSSL successfully initialized [OpenSSL 1.1.1c  28 May 2019]
2022-02-15 16:53:51.578  INFO 24880 --- [restartedMain] org.apache.jasper.servlet.TldScanner     : At least one JAR was scanned for TLDs yet contained no TLDs. Enable debug logging for this logger for a complete list of JARs that were scanned but no TLDs were found in them. Skipping unneeded JARs during scanning can improve startup time and JSP compilation time.
2022-02-15 16:53:51.580  INFO 24880 --- [restartedMain] o.a.c.c.C.[Tomcat].[localhost].[/ems]    : Initializing Spring embedded WebApplicationContext
2022-02-15 16:53:51.581  INFO 24880 --- [restartedMain] w.s.c.ServletWebServerApplicationContext : Root WebApplicationContext: initialization completed in 288 ms
2022-02-15 16:53:51.688  INFO 24880 --- [restartedMain] o.s.b.d.a.OptionalLiveReloadServer       : LiveReload server is running on port 35729
2022-02-15 16:53:51.699  INFO 24880 --- [restartedMain] o.s.b.w.embedded.tomcat.TomcatWebServer  : Tomcat started on port(s): 8080 (http) with context path '/ems'
2022-02-15 16:53:51.702  INFO 24880 --- [restartedMain] com.haha.EmsApplication                  : Started EmsApplication in 0.437 seconds (JVM running for 140.909)
2022-02-15 16:53:51.703  INFO 24880 --- [restartedMain] o.s.b.a.ApplicationAvailabilityBean      : Application availability state LivenessState changed to CORRECT
2022-02-15 16:53:51.704  INFO 24880 --- [restartedMain] .ConditionEvaluationDeltaLoggingListener : Condition evaluation unchanged
2022-02-15 16:53:51.704  INFO 24880 --- [restartedMain] o.s.b.a.ApplicationAvailabilityBean      : Application availability state ReadinessState changed to ACCEPTING_TRAFFIC
2022-02-15 16:57:17.261  INFO 33772 --- [restartedMain] com.haha.EmsApplication                  : Starting EmsApplication using Java 1.8.0_201 on LAPTOP-UAO6C554 with PID 33772 (D:\Main\JavaDemos\ems\target\classes started by 86182 in D:\Main\JavaDemos\ems)
2022-02-15 16:57:17.262  INFO 33772 --- [restartedMain] com.haha.EmsApplication                  : No active profile set, falling back to default profiles: default
2022-02-15 16:57:17.291  INFO 33772 --- [restartedMain] .e.DevToolsPropertyDefaultsPostProcessor : Devtools property defaults active! Set 'spring.devtools.add-properties' to 'false' to disable
2022-02-15 16:57:17.291  INFO 33772 --- [restartedMain] .e.DevToolsPropertyDefaultsPostProcessor : For additional web related logging consider setting the 'logging.level.web' property to 'DEBUG'
2022-02-15 16:57:17.882  INFO 33772 --- [restartedMain] o.s.b.w.embedded.tomcat.TomcatWebServer  : Tomcat initialized with port(s): 8080 (http)
2022-02-15 16:57:17.888  INFO 33772 --- [restartedMain] o.apache.catalina.core.StandardService   : Starting service [Tomcat]
2022-02-15 16:57:17.888  INFO 33772 --- [restartedMain] org.apache.catalina.core.StandardEngine  : Starting Servlet engine: [Apache Tomcat/9.0.46]
2022-02-15 16:57:17.889  INFO 33772 --- [restartedMain] o.a.catalina.core.AprLifecycleListener   : Loaded Apache Tomcat Native library [1.2.23] using APR version [1.7.0].
2022-02-15 16:57:17.889  INFO 33772 --- [restartedMain] o.a.catalina.core.AprLifecycleListener   : APR capabilities: IPv6 [true], sendfile [true], accept filters [false], random [true].
2022-02-15 16:57:17.889  INFO 33772 --- [restartedMain] o.a.catalina.core.AprLifecycleListener   : APR/OpenSSL configuration: useAprConnector [false], useOpenSSL [true]
2022-02-15 16:57:17.891  INFO 33772 --- [restartedMain] o.a.catalina.core.AprLifecycleListener   : OpenSSL successfully initialized [OpenSSL 1.1.1c  28 May 2019]
2022-02-15 16:57:18.049  INFO 33772 --- [restartedMain] org.apache.jasper.servlet.TldScanner     : At least one JAR was scanned for TLDs yet contained no TLDs. Enable debug logging for this logger for a complete list of JARs that were scanned but no TLDs were found in them. Skipping unneeded JARs during scanning can improve startup time and JSP compilation time.
2022-02-15 16:57:18.053  INFO 33772 --- [restartedMain] o.a.c.c.C.[Tomcat].[localhost].[/ems]    : Initializing Spring embedded WebApplicationContext
2022-02-15 16:57:18.053  INFO 33772 --- [restartedMain] w.s.c.ServletWebServerApplicationContext : Root WebApplicationContext: initialization completed in 761 ms
2022-02-15 16:57:18.452  INFO 33772 --- [restartedMain] o.s.b.d.a.OptionalLiveReloadServer       : LiveReload server is running on port 35729
2022-02-15 16:57:18.478  INFO 33772 --- [restartedMain] o.s.b.w.embedded.tomcat.TomcatWebServer  : Tomcat started on port(s): 8080 (http) with context path '/ems'
2022-02-15 16:57:18.485  INFO 33772 --- [restartedMain] com.haha.EmsApplication                  : Started EmsApplication in 1.489 seconds (JVM running for 2.186)
2022-02-15 16:57:18.485  INFO 33772 --- [restartedMain] o.s.b.a.ApplicationAvailabilityBean      : Application availability state LivenessState changed to CORRECT
2022-02-15 16:57:18.486  INFO 33772 --- [restartedMain] o.s.b.a.ApplicationAvailabilityBean      : Application availability state ReadinessState changed to ACCEPTING_TRAFFIC
2022-02-15 16:58:40.766  INFO 33772 --- [http-nio-8080-exec-1] o.a.c.c.C.[Tomcat].[localhost].[/ems]    : Initializing Spring DispatcherServlet 'dispatcherServlet'
2022-02-15 16:58:40.766  INFO 33772 --- [http-nio-8080-exec-1] o.s.web.servlet.DispatcherServlet        : Initializing Servlet 'dispatcherServlet'
2022-02-15 16:58:40.766  INFO 33772 --- [http-nio-8080-exec-1] o.s.web.servlet.DispatcherServlet        : Completed initialization in 0 ms
2022-02-15 17:00:58.413  INFO 33772 --- [Thread-9] o.s.b.a.ApplicationAvailabilityBean      : Application availability state ReadinessState changed from ACCEPTING_TRAFFIC to REFUSING_TRAFFIC
2022-02-15 17:00:58.644  INFO 33772 --- [Thread-9] com.alibaba.druid.pool.DruidDataSource   : {dataSource-0} closing ...
2022-02-15 17:00:58.752  INFO 33772 --- [restartedMain] com.haha.EmsApplication                  : Starting EmsApplication using Java 1.8.0_201 on LAPTOP-UAO6C554 with PID 33772 (D:\Main\JavaDemos\ems\target\classes started by 86182 in D:\Main\JavaDemos\ems)
2022-02-15 17:00:58.752  INFO 33772 --- [restartedMain] com.haha.EmsApplication                  : No active profile set, falling back to default profiles: default
2022-02-15 17:00:58.911  INFO 33772 --- [restartedMain] o.s.b.w.embedded.tomcat.TomcatWebServer  : Tomcat initialized with port(s): 8080 (http)
2022-02-15 17:00:58.911  INFO 33772 --- [restartedMain] o.apache.catalina.core.StandardService   : Starting service [Tomcat]
2022-02-15 17:00:58.911  INFO 33772 --- [restartedMain] org.apache.catalina.core.StandardEngine  : Starting Servlet engine: [Apache Tomcat/9.0.46]
2022-02-15 17:00:58.911  INFO 33772 --- [restartedMain] o.a.catalina.core.AprLifecycleListener   : Loaded Apache Tomcat Native library [1.2.23] using APR version [1.7.0].
2022-02-15 17:00:58.912  INFO 33772 --- [restartedMain] o.a.catalina.core.AprLifecycleListener   : APR capabilities: IPv6 [true], sendfile [true], accept filters [false], random [true].
2022-02-15 17:00:58.912  INFO 33772 --- [restartedMain] o.a.catalina.core.AprLifecycleListener   : APR/OpenSSL configuration: useAprConnector [false], useOpenSSL [true]
2022-02-15 17:00:58.912  INFO 33772 --- [restartedMain] o.a.catalina.core.AprLifecycleListener   : OpenSSL successfully initialized [OpenSSL 1.1.1c  28 May 2019]
2022-02-15 17:00:58.977  INFO 33772 --- [restartedMain] org.apache.jasper.servlet.TldScanner     : At least one JAR was scanned for TLDs yet contained no TLDs. Enable debug logging for this logger for a complete list of JARs that were scanned but no TLDs were found in them. Skipping unneeded JARs during scanning can improve startup time and JSP compilation time.
2022-02-15 17:00:58.979  INFO 33772 --- [restartedMain] o.a.c.c.C.[Tomcat].[localhost].[/ems]    : Initializing Spring embedded WebApplicationContext
2022-02-15 17:00:58.980  INFO 33772 --- [restartedMain] w.s.c.ServletWebServerApplicationContext : Root WebApplicationContext: initialization completed in 226 ms
2022-02-15 17:00:59.055  INFO 33772 --- [restartedMain] o.s.b.d.a.OptionalLiveReloadServer       : LiveReload server is running on port 35729
2022-02-15 17:00:59.064  INFO 33772 --- [restartedMain] o.s.b.w.embedded.tomcat.TomcatWebServer  : Tomcat started on port(s): 8080 (http) with context path '/ems'
2022-02-15 17:00:59.066  INFO 33772 --- [restartedMain] com.haha.EmsApplication                  : Started EmsApplication in 0.335 seconds (JVM running for 222.768)
2022-02-15 17:00:59.067  INFO 33772 --- [restartedMain] o.s.b.a.ApplicationAvailabilityBean      : Application availability state LivenessState changed to CORRECT
2022-02-15 17:00:59.068  INFO 33772 --- [restartedMain] .ConditionEvaluationDeltaLoggingListener : Condition evaluation unchanged
2022-02-15 17:00:59.068  INFO 33772 --- [restartedMain] o.s.b.a.ApplicationAvailabilityBean      : Application availability state ReadinessState changed to ACCEPTING_TRAFFIC
2022-02-15 17:10:11.563  INFO 33772 --- [http-nio-8080-exec-2] o.a.c.c.C.[Tomcat].[localhost].[/ems]    : Initializing Spring DispatcherServlet 'dispatcherServlet'
2022-02-15 17:10:11.563  INFO 33772 --- [http-nio-8080-exec-2] o.s.web.servlet.DispatcherServlet        : Initializing Servlet 'dispatcherServlet'
2022-02-15 17:10:11.564  INFO 33772 --- [http-nio-8080-exec-2] o.s.web.servlet.DispatcherServlet        : Completed initialization in 1 ms
2022-02-15 17:13:16.169  INFO 33772 --- [Thread-16] o.s.b.a.ApplicationAvailabilityBean      : Application availability state ReadinessState changed from ACCEPTING_TRAFFIC to REFUSING_TRAFFIC
2022-02-15 17:13:16.393  INFO 33772 --- [Thread-16] com.alibaba.druid.pool.DruidDataSource   : {dataSource-0} closing ...
2022-02-15 17:13:16.493  INFO 33772 --- [restartedMain] com.haha.EmsApplication                  : Starting EmsApplication using Java 1.8.0_201 on LAPTOP-UAO6C554 with PID 33772 (D:\Main\JavaDemos\ems\target\classes started by 86182 in D:\Main\JavaDemos\ems)
2022-02-15 17:13:16.493  INFO 33772 --- [restartedMain] com.haha.EmsApplication                  : No active profile set, falling back to default profiles: default
2022-02-15 17:13:16.635  INFO 33772 --- [restartedMain] o.s.b.w.embedded.tomcat.TomcatWebServer  : Tomcat initialized with port(s): 8080 (http)
2022-02-15 17:13:16.636  INFO 33772 --- [restartedMain] o.apache.catalina.core.StandardService   : Starting service [Tomcat]
2022-02-15 17:13:16.636  INFO 33772 --- [restartedMain] org.apache.catalina.core.StandardEngine  : Starting Servlet engine: [Apache Tomcat/9.0.46]
2022-02-15 17:13:16.636  INFO 33772 --- [restartedMain] o.a.catalina.core.AprLifecycleListener   : Loaded Apache Tomcat Native library [1.2.23] using APR version [1.7.0].
2022-02-15 17:13:16.636  INFO 33772 --- [restartedMain] o.a.catalina.core.AprLifecycleListener   : APR capabilities: IPv6 [true], sendfile [true], accept filters [false], random [true].
2022-02-15 17:13:16.636  INFO 33772 --- [restartedMain] o.a.catalina.core.AprLifecycleListener   : APR/OpenSSL configuration: useAprConnector [false], useOpenSSL [true]
2022-02-15 17:13:16.636  INFO 33772 --- [restartedMain] o.a.catalina.core.AprLifecycleListener   : OpenSSL successfully initialized [OpenSSL 1.1.1c  28 May 2019]
2022-02-15 17:13:16.696  INFO 33772 --- [restartedMain] org.apache.jasper.servlet.TldScanner     : At least one JAR was scanned for TLDs yet contained no TLDs. Enable debug logging for this logger for a complete list of JARs that were scanned but no TLDs were found in them. Skipping unneeded JARs during scanning can improve startup time and JSP compilation time.
2022-02-15 17:13:16.698  INFO 33772 --- [restartedMain] o.a.c.c.C.[Tomcat].[localhost].[/ems]    : Initializing Spring embedded WebApplicationContext
2022-02-15 17:13:16.698  INFO 33772 --- [restartedMain] w.s.c.ServletWebServerApplicationContext : Root WebApplicationContext: initialization completed in 203 ms
2022-02-15 17:13:16.763  INFO 33772 --- [restartedMain] o.s.b.d.a.OptionalLiveReloadServer       : LiveReload server is running on port 35729
2022-02-15 17:13:16.772  INFO 33772 --- [restartedMain] o.s.b.w.embedded.tomcat.TomcatWebServer  : Tomcat started on port(s): 8080 (http) with context path '/ems'
2022-02-15 17:13:16.774  INFO 33772 --- [restartedMain] com.haha.EmsApplication                  : Started EmsApplication in 0.298 seconds (JVM running for 960.476)
2022-02-15 17:13:16.774  INFO 33772 --- [restartedMain] o.s.b.a.ApplicationAvailabilityBean      : Application availability state LivenessState changed to CORRECT
2022-02-15 17:13:16.775  INFO 33772 --- [restartedMain] .ConditionEvaluationDeltaLoggingListener : Condition evaluation unchanged
2022-02-15 17:13:16.775  INFO 33772 --- [restartedMain] o.s.b.a.ApplicationAvailabilityBean      : Application availability state ReadinessState changed to ACCEPTING_TRAFFIC
2022-02-15 17:13:32.420  INFO 33772 --- [Thread-21] o.s.b.a.ApplicationAvailabilityBean      : Application availability state ReadinessState changed from ACCEPTING_TRAFFIC to REFUSING_TRAFFIC
2022-02-15 17:13:32.652  INFO 33772 --- [Thread-21] com.alibaba.druid.pool.DruidDataSource   : {dataSource-0} closing ...
2022-02-15 17:13:32.762  INFO 33772 --- [restartedMain] com.haha.EmsApplication                  : Starting EmsApplication using Java 1.8.0_201 on LAPTOP-UAO6C554 with PID 33772 (D:\Main\JavaDemos\ems\target\classes started by 86182 in D:\Main\JavaDemos\ems)
2022-02-15 17:13:32.762  INFO 33772 --- [restartedMain] com.haha.EmsApplication                  : No active profile set, falling back to default profiles: default
2022-02-15 17:13:32.899  INFO 33772 --- [restartedMain] o.s.b.w.embedded.tomcat.TomcatWebServer  : Tomcat initialized with port(s): 8080 (http)
2022-02-15 17:13:32.899  INFO 33772 --- [restartedMain] o.apache.catalina.core.StandardService   : Starting service [Tomcat]
2022-02-15 17:13:32.899  INFO 33772 --- [restartedMain] org.apache.catalina.core.StandardEngine  : Starting Servlet engine: [Apache Tomcat/9.0.46]
2022-02-15 17:13:32.899  INFO 33772 --- [restartedMain] o.a.catalina.core.AprLifecycleListener   : Loaded Apache Tomcat Native library [1.2.23] using APR version [1.7.0].
2022-02-15 17:13:32.899  INFO 33772 --- [restartedMain] o.a.catalina.core.AprLifecycleListener   : APR capabilities: IPv6 [true], sendfile [true], accept filters [false], random [true].
2022-02-15 17:13:32.899  INFO 33772 --- [restartedMain] o.a.catalina.core.AprLifecycleListener   : APR/OpenSSL configuration: useAprConnector [false], useOpenSSL [true]
2022-02-15 17:13:32.900  INFO 33772 --- [restartedMain] o.a.catalina.core.AprLifecycleListener   : OpenSSL successfully initialized [OpenSSL 1.1.1c  28 May 2019]
2022-02-15 17:13:32.954  INFO 33772 --- [restartedMain] org.apache.jasper.servlet.TldScanner     : At least one JAR was scanned for TLDs yet contained no TLDs. Enable debug logging for this logger for a complete list of JARs that were scanned but no TLDs were found in them. Skipping unneeded JARs during scanning can improve startup time and JSP compilation time.
2022-02-15 17:13:32.956  INFO 33772 --- [restartedMain] o.a.c.c.C.[Tomcat].[localhost].[/ems]    : Initializing Spring embedded WebApplicationContext
2022-02-15 17:13:32.956  INFO 33772 --- [restartedMain] w.s.c.ServletWebServerApplicationContext : Root WebApplicationContext: initialization completed in 193 ms
2022-02-15 17:13:33.022  INFO 33772 --- [restartedMain] o.s.b.d.a.OptionalLiveReloadServer       : LiveReload server is running on port 35729
2022-02-15 17:13:33.030  INFO 33772 --- [restartedMain] o.s.b.w.embedded.tomcat.TomcatWebServer  : Tomcat started on port(s): 8080 (http) with context path '/ems'
2022-02-15 17:13:33.032  INFO 33772 --- [restartedMain] com.haha.EmsApplication                  : Started EmsApplication in 0.287 seconds (JVM running for 976.735)
2022-02-15 17:13:33.033  INFO 33772 --- [restartedMain] o.s.b.a.ApplicationAvailabilityBean      : Application availability state LivenessState changed to CORRECT
2022-02-15 17:13:33.033  INFO 33772 --- [restartedMain] .ConditionEvaluationDeltaLoggingListener : Condition evaluation unchanged
2022-02-15 17:13:33.033  INFO 33772 --- [restartedMain] o.s.b.a.ApplicationAvailabilityBean      : Application availability state ReadinessState changed to ACCEPTING_TRAFFIC
2022-02-15 17:14:18.151  INFO 33772 --- [Thread-26] o.s.b.a.ApplicationAvailabilityBean      : Application availability state ReadinessState changed from ACCEPTING_TRAFFIC to REFUSING_TRAFFIC
2022-02-15 17:14:18.373  INFO 33772 --- [Thread-26] com.alibaba.druid.pool.DruidDataSource   : {dataSource-0} closing ...
2022-02-15 17:14:18.459  INFO 33772 --- [restartedMain] com.haha.EmsApplication                  : Starting EmsApplication using Java 1.8.0_201 on LAPTOP-UAO6C554 with PID 33772 (D:\Main\JavaDemos\ems\target\classes started by 86182 in D:\Main\JavaDemos\ems)
2022-02-15 17:14:18.460  INFO 33772 --- [restartedMain] com.haha.EmsApplication                  : No active profile set, falling back to default profiles: default
2022-02-15 17:14:18.606  INFO 33772 --- [restartedMain] o.s.b.w.embedded.tomcat.TomcatWebServer  : Tomcat initialized with port(s): 8080 (http)
2022-02-15 17:14:18.606  INFO 33772 --- [restartedMain] o.apache.catalina.core.StandardService   : Starting service [Tomcat]
2022-02-15 17:14:18.606  INFO 33772 --- [restartedMain] org.apache.catalina.core.StandardEngine  : Starting Servlet engine: [Apache Tomcat/9.0.46]
2022-02-15 17:14:18.607  INFO 33772 --- [restartedMain] o.a.catalina.core.AprLifecycleListener   : Loaded Apache Tomcat Native library [1.2.23] using APR version [1.7.0].
2022-02-15 17:14:18.607  INFO 33772 --- [restartedMain] o.a.catalina.core.AprLifecycleListener   : APR capabilities: IPv6 [true], sendfile [true], accept filters [false], random [true].
2022-02-15 17:14:18.607  INFO 33772 --- [restartedMain] o.a.catalina.core.AprLifecycleListener   : APR/OpenSSL configuration: useAprConnector [false], useOpenSSL [true]
2022-02-15 17:14:18.607  INFO 33772 --- [restartedMain] o.a.catalina.core.AprLifecycleListener   : OpenSSL successfully initialized [OpenSSL 1.1.1c  28 May 2019]
2022-02-15 17:14:18.660  INFO 33772 --- [restartedMain] org.apache.jasper.servlet.TldScanner     : At least one JAR was scanned for TLDs yet contained no TLDs. Enable debug logging for this logger for a complete list of JARs that were scanned but no TLDs were found in them. Skipping unneeded JARs during scanning can improve startup time and JSP compilation time.
2022-02-15 17:14:18.662  INFO 33772 --- [restartedMain] o.a.c.c.C.[Tomcat].[localhost].[/ems]    : Initializing Spring embedded WebApplicationContext
2022-02-15 17:14:18.662  INFO 33772 --- [restartedMain] w.s.c.ServletWebServerApplicationContext : Root WebApplicationContext: initialization completed in 202 ms
2022-02-15 17:14:18.725  INFO 33772 --- [restartedMain] o.s.b.d.a.OptionalLiveReloadServer       : LiveReload server is running on port 35729
2022-02-15 17:14:18.733  INFO 33772 --- [restartedMain] o.s.b.w.embedded.tomcat.TomcatWebServer  : Tomcat started on port(s): 8080 (http) with context path '/ems'
2022-02-15 17:14:18.735  INFO 33772 --- [restartedMain] com.haha.EmsApplication                  : Started EmsApplication in 0.291 seconds (JVM running for 1022.436)
2022-02-15 17:14:18.735  INFO 33772 --- [restartedMain] o.s.b.a.ApplicationAvailabilityBean      : Application availability state LivenessState changed to CORRECT
2022-02-15 17:14:18.736  INFO 33772 --- [restartedMain] .ConditionEvaluationDeltaLoggingListener : Condition evaluation unchanged
2022-02-15 17:14:18.736  INFO 33772 --- [restartedMain] o.s.b.a.ApplicationAvailabilityBean      : Application availability state ReadinessState changed to ACCEPTING_TRAFFIC
2022-02-15 17:14:49.571  INFO 33772 --- [Thread-31] o.s.b.a.ApplicationAvailabilityBean      : Application availability state ReadinessState changed from ACCEPTING_TRAFFIC to REFUSING_TRAFFIC
2022-02-15 17:14:49.778  INFO 33772 --- [Thread-31] com.alibaba.druid.pool.DruidDataSource   : {dataSource-0} closing ...
2022-02-15 17:14:49.838  INFO 33772 --- [restartedMain] com.haha.EmsApplication                  : Starting EmsApplication using Java 1.8.0_201 on LAPTOP-UAO6C554 with PID 33772 (D:\Main\JavaDemos\ems\target\classes started by 86182 in D:\Main\JavaDemos\ems)
2022-02-15 17:14:49.839  INFO 33772 --- [restartedMain] com.haha.EmsApplication                  : No active profile set, falling back to default profiles: default
2022-02-15 17:14:49.978  INFO 33772 --- [restartedMain] o.s.b.w.embedded.tomcat.TomcatWebServer  : Tomcat initialized with port(s): 8080 (http)
2022-02-15 17:14:49.978  INFO 33772 --- [restartedMain] o.apache.catalina.core.StandardService   : Starting service [Tomcat]
2022-02-15 17:14:49.978  INFO 33772 --- [restartedMain] org.apache.catalina.core.StandardEngine  : Starting Servlet engine: [Apache Tomcat/9.0.46]
2022-02-15 17:14:49.979  INFO 33772 --- [restartedMain] o.a.catalina.core.AprLifecycleListener   : Loaded Apache Tomcat Native library [1.2.23] using APR version [1.7.0].
2022-02-15 17:14:49.979  INFO 33772 --- [restartedMain] o.a.catalina.core.AprLifecycleListener   : APR capabilities: IPv6 [true], sendfile [true], accept filters [false], random [true].
2022-02-15 17:14:49.979  INFO 33772 --- [restartedMain] o.a.catalina.core.AprLifecycleListener   : APR/OpenSSL configuration: useAprConnector [false], useOpenSSL [true]
2022-02-15 17:14:49.979  INFO 33772 --- [restartedMain] o.a.catalina.core.AprLifecycleListener   : OpenSSL successfully initialized [OpenSSL 1.1.1c  28 May 2019]
2022-02-15 17:14:50.044  INFO 33772 --- [restartedMain] org.apache.jasper.servlet.TldScanner     : At least one JAR was scanned for TLDs yet contained no TLDs. Enable debug logging for this logger for a complete list of JARs that were scanned but no TLDs were found in them. Skipping unneeded JARs during scanning can improve startup time and JSP compilation time.
2022-02-15 17:14:50.046  INFO 33772 --- [restartedMain] o.a.c.c.C.[Tomcat].[localhost].[/ems]    : Initializing Spring embedded WebApplicationContext
2022-02-15 17:14:50.046  INFO 33772 --- [restartedMain] w.s.c.ServletWebServerApplicationContext : Root WebApplicationContext: initialization completed in 206 ms
2022-02-15 17:14:50.106  INFO 33772 --- [restartedMain] o.s.b.d.a.OptionalLiveReloadServer       : LiveReload server is running on port 35729
2022-02-15 17:14:50.114  INFO 33772 --- [restartedMain] o.s.b.w.embedded.tomcat.TomcatWebServer  : Tomcat started on port(s): 8080 (http) with context path '/ems'
2022-02-15 17:14:50.116  INFO 33772 --- [restartedMain] com.haha.EmsApplication                  : Started EmsApplication in 0.294 seconds (JVM running for 1053.818)
2022-02-15 17:14:50.116  INFO 33772 --- [restartedMain] o.s.b.a.ApplicationAvailabilityBean      : Application availability state LivenessState changed to CORRECT
2022-02-15 17:14:50.117  INFO 33772 --- [restartedMain] .ConditionEvaluationDeltaLoggingListener : Condition evaluation unchanged
2022-02-15 17:14:50.117  INFO 33772 --- [restartedMain] o.s.b.a.ApplicationAvailabilityBean      : Application availability state ReadinessState changed to ACCEPTING_TRAFFIC
2022-02-15 17:14:59.089  INFO 33772 --- [http-nio-8080-exec-1] o.a.c.c.C.[Tomcat].[localhost].[/ems]    : Initializing Spring DispatcherServlet 'dispatcherServlet'
2022-02-15 17:14:59.090  INFO 33772 --- [http-nio-8080-exec-1] o.s.web.servlet.DispatcherServlet        : Initializing Servlet 'dispatcherServlet'
2022-02-15 17:14:59.090  INFO 33772 --- [http-nio-8080-exec-1] o.s.web.servlet.DispatcherServlet        : Completed initialization in 0 ms
2022-02-15 17:15:43.343  INFO 33772 --- [Thread-36] o.s.b.a.ApplicationAvailabilityBean      : Application availability state ReadinessState changed from ACCEPTING_TRAFFIC to REFUSING_TRAFFIC
2022-02-15 17:15:43.566  INFO 33772 --- [Thread-36] com.alibaba.druid.pool.DruidDataSource   : {dataSource-0} closing ...
2022-02-15 17:15:43.660  INFO 33772 --- [restartedMain] com.haha.EmsApplication                  : Starting EmsApplication using Java 1.8.0_201 on LAPTOP-UAO6C554 with PID 33772 (D:\Main\JavaDemos\ems\target\classes started by 86182 in D:\Main\JavaDemos\ems)
2022-02-15 17:15:43.660  INFO 33772 --- [restartedMain] com.haha.EmsApplication                  : No active profile set, falling back to default profiles: default
2022-02-15 17:15:43.796  INFO 33772 --- [restartedMain] o.s.b.w.embedded.tomcat.TomcatWebServer  : Tomcat initialized with port(s): 8080 (http)
2022-02-15 17:15:43.797  INFO 33772 --- [restartedMain] o.apache.catalina.core.StandardService   : Starting service [Tomcat]
2022-02-15 17:15:43.797  INFO 33772 --- [restartedMain] org.apache.catalina.core.StandardEngine  : Starting Servlet engine: [Apache Tomcat/9.0.46]
2022-02-15 17:15:43.797  INFO 33772 --- [restartedMain] o.a.catalina.core.AprLifecycleListener   : Loaded Apache Tomcat Native library [1.2.23] using APR version [1.7.0].
2022-02-15 17:15:43.797  INFO 33772 --- [restartedMain] o.a.catalina.core.AprLifecycleListener   : APR capabilities: IPv6 [true], sendfile [true], accept filters [false], random [true].
2022-02-15 17:15:43.797  INFO 33772 --- [restartedMain] o.a.catalina.core.AprLifecycleListener   : APR/OpenSSL configuration: useAprConnector [false], useOpenSSL [true]
2022-02-15 17:15:43.797  INFO 33772 --- [restartedMain] o.a.catalina.core.AprLifecycleListener   : OpenSSL successfully initialized [OpenSSL 1.1.1c  28 May 2019]
2022-02-15 17:15:43.850  INFO 33772 --- [restartedMain] org.apache.jasper.servlet.TldScanner     : At least one JAR was scanned for TLDs yet contained no TLDs. Enable debug logging for this logger for a complete list of JARs that were scanned but no TLDs were found in them. Skipping unneeded JARs during scanning can improve startup time and JSP compilation time.
2022-02-15 17:15:43.852  INFO 33772 --- [restartedMain] o.a.c.c.C.[Tomcat].[localhost].[/ems]    : Initializing Spring embedded WebApplicationContext
2022-02-15 17:15:43.852  INFO 33772 --- [restartedMain] w.s.c.ServletWebServerApplicationContext : Root WebApplicationContext: initialization completed in 191 ms
2022-02-15 17:15:43.912  INFO 33772 --- [restartedMain] o.s.b.d.a.OptionalLiveReloadServer       : LiveReload server is running on port 35729
2022-02-15 17:15:43.919  INFO 33772 --- [restartedMain] o.s.b.w.embedded.tomcat.TomcatWebServer  : Tomcat started on port(s): 8080 (http) with context path '/ems'
2022-02-15 17:15:43.921  INFO 33772 --- [restartedMain] com.haha.EmsApplication                  : Started EmsApplication in 0.276 seconds (JVM running for 1107.623)
2022-02-15 17:15:43.921  INFO 33772 --- [restartedMain] o.s.b.a.ApplicationAvailabilityBean      : Application availability state LivenessState changed to CORRECT
2022-02-15 17:15:43.922  INFO 33772 --- [restartedMain] .ConditionEvaluationDeltaLoggingListener : Condition evaluation unchanged
2022-02-15 17:15:43.922  INFO 33772 --- [restartedMain] o.s.b.a.ApplicationAvailabilityBean      : Application availability state ReadinessState changed to ACCEPTING_TRAFFIC
2022-02-15 17:15:44.705  INFO 33772 --- [http-nio-8080-exec-1] o.a.c.c.C.[Tomcat].[localhost].[/ems]    : Initializing Spring DispatcherServlet 'dispatcherServlet'
2022-02-15 17:15:44.706  INFO 33772 --- [http-nio-8080-exec-1] o.s.web.servlet.DispatcherServlet        : Initializing Servlet 'dispatcherServlet'
2022-02-15 17:15:44.706  INFO 33772 --- [http-nio-8080-exec-1] o.s.web.servlet.DispatcherServlet        : Completed initialization in 0 ms
2022-02-15 17:18:21.974  INFO 33772 --- [Thread-42] o.s.b.a.ApplicationAvailabilityBean      : Application availability state ReadinessState changed from ACCEPTING_TRAFFIC to REFUSING_TRAFFIC
2022-02-15 17:18:22.211  INFO 33772 --- [Thread-42] com.alibaba.druid.pool.DruidDataSource   : {dataSource-0} closing ...
2022-02-15 17:18:22.295  INFO 33772 --- [restartedMain] com.haha.EmsApplication                  : Starting EmsApplication using Java 1.8.0_201 on LAPTOP-UAO6C554 with PID 33772 (D:\Main\JavaDemos\ems\target\classes started by 86182 in D:\Main\JavaDemos\ems)
2022-02-15 17:18:22.295  INFO 33772 --- [restartedMain] com.haha.EmsApplication                  : No active profile set, falling back to default profiles: default
2022-02-15 17:18:22.439  INFO 33772 --- [restartedMain] o.s.b.w.embedded.tomcat.TomcatWebServer  : Tomcat initialized with port(s): 8080 (http)
2022-02-15 17:18:22.440  INFO 33772 --- [restartedMain] o.apache.catalina.core.StandardService   : Starting service [Tomcat]
2022-02-15 17:18:22.440  INFO 33772 --- [restartedMain] org.apache.catalina.core.StandardEngine  : Starting Servlet engine: [Apache Tomcat/9.0.46]
2022-02-15 17:18:22.440  INFO 33772 --- [restartedMain] o.a.catalina.core.AprLifecycleListener   : Loaded Apache Tomcat Native library [1.2.23] using APR version [1.7.0].
2022-02-15 17:18:22.440  INFO 33772 --- [restartedMain] o.a.catalina.core.AprLifecycleListener   : APR capabilities: IPv6 [true], sendfile [true], accept filters [false], random [true].
2022-02-15 17:18:22.440  INFO 33772 --- [restartedMain] o.a.catalina.core.AprLifecycleListener   : APR/OpenSSL configuration: useAprConnector [false], useOpenSSL [true]
2022-02-15 17:18:22.440  INFO 33772 --- [restartedMain] o.a.catalina.core.AprLifecycleListener   : OpenSSL successfully initialized [OpenSSL 1.1.1c  28 May 2019]
2022-02-15 17:18:22.504  INFO 33772 --- [restartedMain] org.apache.jasper.servlet.TldScanner     : At least one JAR was scanned for TLDs yet contained no TLDs. Enable debug logging for this logger for a complete list of JARs that were scanned but no TLDs were found in them. Skipping unneeded JARs during scanning can improve startup time and JSP compilation time.
2022-02-15 17:18:22.507  INFO 33772 --- [restartedMain] o.a.c.c.C.[Tomcat].[localhost].[/ems]    : Initializing Spring embedded WebApplicationContext
2022-02-15 17:18:22.507  INFO 33772 --- [restartedMain] w.s.c.ServletWebServerApplicationContext : Root WebApplicationContext: initialization completed in 211 ms
2022-02-15 17:18:22.570  INFO 33772 --- [restartedMain] o.s.b.d.a.OptionalLiveReloadServer       : LiveReload server is running on port 35729
2022-02-15 17:18:22.578  INFO 33772 --- [restartedMain] o.s.b.w.embedded.tomcat.TomcatWebServer  : Tomcat started on port(s): 8080 (http) with context path '/ems'
2022-02-15 17:18:22.580  INFO 33772 --- [restartedMain] com.haha.EmsApplication                  : Started EmsApplication in 0.302 seconds (JVM running for 1266.282)
2022-02-15 17:18:22.580  INFO 33772 --- [restartedMain] o.s.b.a.ApplicationAvailabilityBean      : Application availability state LivenessState changed to CORRECT
2022-02-15 17:18:22.581  INFO 33772 --- [restartedMain] .ConditionEvaluationDeltaLoggingListener : Condition evaluation unchanged
2022-02-15 17:18:22.581  INFO 33772 --- [restartedMain] o.s.b.a.ApplicationAvailabilityBean      : Application availability state ReadinessState changed to ACCEPTING_TRAFFIC
2022-02-15 17:18:22.848  INFO 33772 --- [http-nio-8080-exec-2] o.a.c.c.C.[Tomcat].[localhost].[/ems]    : Initializing Spring DispatcherServlet 'dispatcherServlet'
2022-02-15 17:18:22.848  INFO 33772 --- [http-nio-8080-exec-2] o.s.web.servlet.DispatcherServlet        : Initializing Servlet 'dispatcherServlet'
2022-02-15 17:18:22.849  INFO 33772 --- [http-nio-8080-exec-2] o.s.web.servlet.DispatcherServlet        : Completed initialization in 1 ms
2022-02-15 17:18:36.173  INFO 33772 --- [Thread-47] o.s.b.a.ApplicationAvailabilityBean      : Application availability state ReadinessState changed from ACCEPTING_TRAFFIC to REFUSING_TRAFFIC
2022-02-15 17:18:36.406  INFO 33772 --- [Thread-47] com.alibaba.druid.pool.DruidDataSource   : {dataSource-0} closing ...
2022-02-15 17:18:36.524  INFO 33772 --- [restartedMain] com.haha.EmsApplication                  : Starting EmsApplication using Java 1.8.0_201 on LAPTOP-UAO6C554 with PID 33772 (D:\Main\JavaDemos\ems\target\classes started by 86182 in D:\Main\JavaDemos\ems)
2022-02-15 17:18:36.524  INFO 33772 --- [restartedMain] com.haha.EmsApplication                  : No active profile set, falling back to default profiles: default
2022-02-15 17:18:36.666  INFO 33772 --- [restartedMain] o.s.b.w.embedded.tomcat.TomcatWebServer  : Tomcat initialized with port(s): 8080 (http)
2022-02-15 17:18:36.667  INFO 33772 --- [restartedMain] o.apache.catalina.core.StandardService   : Starting service [Tomcat]
2022-02-15 17:18:36.667  INFO 33772 --- [restartedMain] org.apache.catalina.core.StandardEngine  : Starting Servlet engine: [Apache Tomcat/9.0.46]
2022-02-15 17:18:36.667  INFO 33772 --- [restartedMain] o.a.catalina.core.AprLifecycleListener   : Loaded Apache Tomcat Native library [1.2.23] using APR version [1.7.0].
2022-02-15 17:18:36.667  INFO 33772 --- [restartedMain] o.a.catalina.core.AprLifecycleListener   : APR capabilities: IPv6 [true], sendfile [true], accept filters [false], random [true].
2022-02-15 17:18:36.667  INFO 33772 --- [restartedMain] o.a.catalina.core.AprLifecycleListener   : APR/OpenSSL configuration: useAprConnector [false], useOpenSSL [true]
2022-02-15 17:18:36.667  INFO 33772 --- [restartedMain] o.a.catalina.core.AprLifecycleListener   : OpenSSL successfully initialized [OpenSSL 1.1.1c  28 May 2019]
2022-02-15 17:18:36.735  INFO 33772 --- [restartedMain] org.apache.jasper.servlet.TldScanner     : At least one JAR was scanned for TLDs yet contained no TLDs. Enable debug logging for this logger for a complete list of JARs that were scanned but no TLDs were found in them. Skipping unneeded JARs during scanning can improve startup time and JSP compilation time.
2022-02-15 17:18:36.737  INFO 33772 --- [restartedMain] o.a.c.c.C.[Tomcat].[localhost].[/ems]    : Initializing Spring embedded WebApplicationContext
2022-02-15 17:18:36.737  INFO 33772 --- [restartedMain] w.s.c.ServletWebServerApplicationContext : Root WebApplicationContext: initialization completed in 212 ms
2022-02-15 17:18:36.807  INFO 33772 --- [restartedMain] o.s.b.d.a.OptionalLiveReloadServer       : LiveReload server is running on port 35729
2022-02-15 17:18:36.816  INFO 33772 --- [restartedMain] o.s.b.w.embedded.tomcat.TomcatWebServer  : Tomcat started on port(s): 8080 (http) with context path '/ems'
2022-02-15 17:18:36.818  INFO 33772 --- [restartedMain] com.haha.EmsApplication                  : Started EmsApplication in 0.31 seconds (JVM running for 1280.52)
2022-02-15 17:18:36.818  INFO 33772 --- [restartedMain] o.s.b.a.ApplicationAvailabilityBean      : Application availability state LivenessState changed to CORRECT
2022-02-15 17:18:36.819  INFO 33772 --- [restartedMain] .ConditionEvaluationDeltaLoggingListener : Condition evaluation unchanged
2022-02-15 17:18:36.819  INFO 33772 --- [restartedMain] o.s.b.a.ApplicationAvailabilityBean      : Application availability state ReadinessState changed to ACCEPTING_TRAFFIC
2022-02-15 17:18:38.528  INFO 33772 --- [http-nio-8080-exec-2] o.a.c.c.C.[Tomcat].[localhost].[/ems]    : Initializing Spring DispatcherServlet 'dispatcherServlet'
2022-02-15 17:18:38.529  INFO 33772 --- [http-nio-8080-exec-2] o.s.web.servlet.DispatcherServlet        : Initializing Servlet 'dispatcherServlet'
2022-02-15 17:18:38.529  INFO 33772 --- [http-nio-8080-exec-2] o.s.web.servlet.DispatcherServlet        : Completed initialization in 0 ms
2022-02-15 20:43:29.212  INFO 34964 --- [restartedMain] com.haha.EmsApplication                  : Starting EmsApplication using Java 1.8.0_201 on LAPTOP-UAO6C554 with PID 34964 (D:\Main\JavaDemos\ems\target\classes started by 86182 in D:\Main\JavaDemos\ems)
2022-02-15 20:43:29.214  INFO 34964 --- [restartedMain] com.haha.EmsApplication                  : No active profile set, falling back to default profiles: default
2022-02-15 20:43:29.253  INFO 34964 --- [restartedMain] .e.DevToolsPropertyDefaultsPostProcessor : Devtools property defaults active! Set 'spring.devtools.add-properties' to 'false' to disable
2022-02-15 20:43:29.253  INFO 34964 --- [restartedMain] .e.DevToolsPropertyDefaultsPostProcessor : For additional web related logging consider setting the 'logging.level.web' property to 'DEBUG'
2022-02-15 20:43:29.899  INFO 34964 --- [restartedMain] o.s.b.w.embedded.tomcat.TomcatWebServer  : Tomcat initialized with port(s): 8080 (http)
2022-02-15 20:43:29.904  INFO 34964 --- [restartedMain] o.apache.catalina.core.StandardService   : Starting service [Tomcat]
2022-02-15 20:43:29.905  INFO 34964 --- [restartedMain] org.apache.catalina.core.StandardEngine  : Starting Servlet engine: [Apache Tomcat/9.0.46]
2022-02-15 20:43:29.906  INFO 34964 --- [restartedMain] o.a.catalina.core.AprLifecycleListener   : Loaded Apache Tomcat Native library [1.2.23] using APR version [1.7.0].
2022-02-15 20:43:29.906  INFO 34964 --- [restartedMain] o.a.catalina.core.AprLifecycleListener   : APR capabilities: IPv6 [true], sendfile [true], accept filters [false], random [true].
2022-02-15 20:43:29.906  INFO 34964 --- [restartedMain] o.a.catalina.core.AprLifecycleListener   : APR/OpenSSL configuration: useAprConnector [false], useOpenSSL [true]
2022-02-15 20:43:29.909  INFO 34964 --- [restartedMain] o.a.catalina.core.AprLifecycleListener   : OpenSSL successfully initialized [OpenSSL 1.1.1c  28 May 2019]
2022-02-15 20:43:30.063  INFO 34964 --- [restartedMain] org.apache.jasper.servlet.TldScanner     : At least one JAR was scanned for TLDs yet contained no TLDs. Enable debug logging for this logger for a complete list of JARs that were scanned but no TLDs were found in them. Skipping unneeded JARs during scanning can improve startup time and JSP compilation time.
2022-02-15 20:43:30.067  INFO 34964 --- [restartedMain] o.a.c.c.C.[Tomcat].[localhost].[/ems]    : Initializing Spring embedded WebApplicationContext
2022-02-15 20:43:30.067  INFO 34964 --- [restartedMain] w.s.c.ServletWebServerApplicationContext : Root WebApplicationContext: initialization completed in 813 ms
2022-02-15 20:43:30.477  INFO 34964 --- [restartedMain] o.s.b.d.a.OptionalLiveReloadServer       : LiveReload server is running on port 35729
2022-02-15 20:43:30.507  INFO 34964 --- [restartedMain] o.s.b.w.embedded.tomcat.TomcatWebServer  : Tomcat started on port(s): 8080 (http) with context path '/ems'
2022-02-15 20:43:30.515  INFO 34964 --- [restartedMain] com.haha.EmsApplication                  : Started EmsApplication in 1.612 seconds (JVM running for 2.472)
2022-02-15 20:43:30.516  INFO 34964 --- [restartedMain] o.s.b.a.ApplicationAvailabilityBean      : Application availability state LivenessState changed to CORRECT
2022-02-15 20:43:30.517  INFO 34964 --- [restartedMain] o.s.b.a.ApplicationAvailabilityBean      : Application availability state ReadinessState changed to ACCEPTING_TRAFFIC
2022-02-15 20:43:33.796  INFO 34964 --- [http-nio-8080-exec-2] o.a.c.c.C.[Tomcat].[localhost].[/ems]    : Initializing Spring DispatcherServlet 'dispatcherServlet'
2022-02-15 20:43:33.796  INFO 34964 --- [http-nio-8080-exec-2] o.s.web.servlet.DispatcherServlet        : Initializing Servlet 'dispatcherServlet'
2022-02-15 20:43:33.797  INFO 34964 --- [http-nio-8080-exec-2] o.s.web.servlet.DispatcherServlet        : Completed initialization in 1 ms
2022-02-15 20:45:40.644  INFO 38240 --- [restartedMain] com.haha.EmsApplication                  : Starting EmsApplication using Java 1.8.0_201 on LAPTOP-UAO6C554 with PID 38240 (D:\Main\JavaDemos\ems\target\classes started by 86182 in D:\Main\JavaDemos\ems)
2022-02-15 20:45:40.646  INFO 38240 --- [restartedMain] com.haha.EmsApplication                  : No active profile set, falling back to default profiles: default
2022-02-15 20:45:40.677  INFO 38240 --- [restartedMain] .e.DevToolsPropertyDefaultsPostProcessor : Devtools property defaults active! Set 'spring.devtools.add-properties' to 'false' to disable
2022-02-15 20:45:40.677  INFO 38240 --- [restartedMain] .e.DevToolsPropertyDefaultsPostProcessor : For additional web related logging consider setting the 'logging.level.web' property to 'DEBUG'
2022-02-15 20:45:41.267  INFO 38240 --- [restartedMain] o.s.b.w.embedded.tomcat.TomcatWebServer  : Tomcat initialized with port(s): 8080 (http)
2022-02-15 20:45:41.273  INFO 38240 --- [restartedMain] o.apache.catalina.core.StandardService   : Starting service [Tomcat]
2022-02-15 20:45:41.273  INFO 38240 --- [restartedMain] org.apache.catalina.core.StandardEngine  : Starting Servlet engine: [Apache Tomcat/9.0.46]
2022-02-15 20:45:41.274  INFO 38240 --- [restartedMain] o.a.catalina.core.AprLifecycleListener   : Loaded Apache Tomcat Native library [1.2.23] using APR version [1.7.0].
2022-02-15 20:45:41.274  INFO 38240 --- [restartedMain] o.a.catalina.core.AprLifecycleListener   : APR capabilities: IPv6 [true], sendfile [true], accept filters [false], random [true].
2022-02-15 20:45:41.274  INFO 38240 --- [restartedMain] o.a.catalina.core.AprLifecycleListener   : APR/OpenSSL configuration: useAprConnector [false], useOpenSSL [true]
2022-02-15 20:45:41.277  INFO 38240 --- [restartedMain] o.a.catalina.core.AprLifecycleListener   : OpenSSL successfully initialized [OpenSSL 1.1.1c  28 May 2019]
2022-02-15 20:45:41.432  INFO 38240 --- [restartedMain] org.apache.jasper.servlet.TldScanner     : At least one JAR was scanned for TLDs yet contained no TLDs. Enable debug logging for this logger for a complete list of JARs that were scanned but no TLDs were found in them. Skipping unneeded JARs during scanning can improve startup time and JSP compilation time.
2022-02-15 20:45:41.436  INFO 38240 --- [restartedMain] o.a.c.c.C.[Tomcat].[localhost].[/ems]    : Initializing Spring embedded WebApplicationContext
2022-02-15 20:45:41.436  INFO 38240 --- [restartedMain] w.s.c.ServletWebServerApplicationContext : Root WebApplicationContext: initialization completed in 758 ms
2022-02-15 20:45:41.838  INFO 38240 --- [restartedMain] o.s.b.d.a.OptionalLiveReloadServer       : LiveReload server is running on port 35729
2022-02-15 20:45:41.870  INFO 38240 --- [restartedMain] o.s.b.w.embedded.tomcat.TomcatWebServer  : Tomcat started on port(s): 8080 (http) with context path '/ems'
2022-02-15 20:45:41.878  INFO 38240 --- [restartedMain] com.haha.EmsApplication                  : Started EmsApplication in 1.507 seconds (JVM running for 2.242)
2022-02-15 20:45:41.879  INFO 38240 --- [restartedMain] o.s.b.a.ApplicationAvailabilityBean      : Application availability state LivenessState changed to CORRECT
2022-02-15 20:45:41.880  INFO 38240 --- [restartedMain] o.s.b.a.ApplicationAvailabilityBean      : Application availability state ReadinessState changed to ACCEPTING_TRAFFIC
2022-02-15 20:45:45.800  INFO 38240 --- [http-nio-8080-exec-2] o.a.c.c.C.[Tomcat].[localhost].[/ems]    : Initializing Spring DispatcherServlet 'dispatcherServlet'
2022-02-15 20:45:45.801  INFO 38240 --- [http-nio-8080-exec-2] o.s.web.servlet.DispatcherServlet        : Initializing Servlet 'dispatcherServlet'
2022-02-15 20:45:45.801  INFO 38240 --- [http-nio-8080-exec-2] o.s.web.servlet.DispatcherServlet        : Completed initialization in 0 ms
2022-02-15 20:45:55.612 ERROR 38240 --- [http-nio-8080-exec-10] o.a.c.c.C.[.[.[.[dispatcherServlet]      : Servlet.service() for servlet [dispatcherServlet] in context with path [/ems] threw exception [Request processing failed; nested exception is java.lang.IllegalStateException: No primary or single public constructor found for class com.haha.entity.User - and no default constructor found either] with root cause

java.lang.IllegalStateException: No primary or single public constructor found for class com.haha.entity.User - and no default constructor found either
	at org.springframework.beans.BeanUtils.getResolvableConstructor(BeanUtils.java:250) ~[spring-beans-5.3.7.jar:5.3.7]
	at org.springframework.web.method.annotation.ModelAttributeMethodProcessor.createAttribute(ModelAttributeMethodProcessor.java:216) ~[spring-web-5.3.7.jar:5.3.7]
	at org.springframework.web.servlet.mvc.method.annotation.ServletModelAttributeMethodProcessor.createAttribute(ServletModelAttributeMethodProcessor.java:85) ~[spring-webmvc-5.3.7.jar:5.3.7]
	at org.springframework.web.method.annotation.ModelAttributeMethodProcessor.resolveArgument(ModelAttributeMethodProcessor.java:144) ~[spring-web-5.3.7.jar:5.3.7]
	at org.springframework.web.method.support.HandlerMethodArgumentResolverComposite.resolveArgument(HandlerMethodArgumentResolverComposite.java:121) ~[spring-web-5.3.7.jar:5.3.7]
	at org.springframework.web.method.support.InvocableHandlerMethod.getMethodArgumentValues(InvocableHandlerMethod.java:170) ~[spring-web-5.3.7.jar:5.3.7]
	at org.springframework.web.method.support.InvocableHandlerMethod.invokeForRequest(InvocableHandlerMethod.java:137) ~[spring-web-5.3.7.jar:5.3.7]
	at org.springframework.web.servlet.mvc.method.annotation.ServletInvocableHandlerMethod.invokeAndHandle(ServletInvocableHandlerMethod.java:106) ~[spring-webmvc-5.3.7.jar:5.3.7]
	at org.springframework.web.servlet.mvc.method.annotation.RequestMappingHandlerAdapter.invokeHandlerMethod(RequestMappingHandlerAdapter.java:894) ~[spring-webmvc-5.3.7.jar:5.3.7]
	at org.springframework.web.servlet.mvc.method.annotation.RequestMappingHandlerAdapter.handleInternal(RequestMappingHandlerAdapter.java:808) ~[spring-webmvc-5.3.7.jar:5.3.7]
	at org.springframework.web.servlet.mvc.method.AbstractHandlerMethodAdapter.handle(AbstractHandlerMethodAdapter.java:87) ~[spring-webmvc-5.3.7.jar:5.3.7]
	at org.springframework.web.servlet.DispatcherServlet.doDispatch(DispatcherServlet.java:1063) ~[spring-webmvc-5.3.7.jar:5.3.7]
	at org.springframework.web.servlet.DispatcherServlet.doService(DispatcherServlet.java:963) ~[spring-webmvc-5.3.7.jar:5.3.7]
	at org.springframework.web.servlet.FrameworkServlet.processRequest(FrameworkServlet.java:1006) ~[spring-webmvc-5.3.7.jar:5.3.7]
	at org.springframework.web.servlet.FrameworkServlet.doPost(FrameworkServlet.java:909) ~[spring-webmvc-5.3.7.jar:5.3.7]
	at javax.servlet.http.HttpServlet.service(HttpServlet.java:652) ~[tomcat-embed-core-9.0.46.jar:4.0.FR]
	at org.springframework.web.servlet.FrameworkServlet.service(FrameworkServlet.java:883) ~[spring-webmvc-5.3.7.jar:5.3.7]
	at javax.servlet.http.HttpServlet.service(HttpServlet.java:733) ~[tomcat-embed-core-9.0.46.jar:4.0.FR]
	at org.apache.catalina.core.ApplicationFilterChain.internalDoFilter(ApplicationFilterChain.java:227) ~[tomcat-embed-core-9.0.46.jar:9.0.46]
	at org.apache.catalina.core.ApplicationFilterChain.doFilter(ApplicationFilterChain.java:162) ~[tomcat-embed-core-9.0.46.jar:9.0.46]
	at org.apache.tomcat.websocket.server.WsFilter.doFilter(WsFilter.java:53) ~[tomcat-embed-websocket-9.0.46.jar:9.0.46]
	at org.apache.catalina.core.ApplicationFilterChain.internalDoFilter(ApplicationFilterChain.java:189) ~[tomcat-embed-core-9.0.46.jar:9.0.46]
	at org.apache.catalina.core.ApplicationFilterChain.doFilter(ApplicationFilterChain.java:162) ~[tomcat-embed-core-9.0.46.jar:9.0.46]
	at org.springframework.web.filter.RequestContextFilter.doFilterInternal(RequestContextFilter.java:100) ~[spring-web-5.3.7.jar:5.3.7]
	at org.springframework.web.filter.OncePerRequestFilter.doFilter(OncePerRequestFilter.java:119) ~[spring-web-5.3.7.jar:5.3.7]
	at org.apache.catalina.core.ApplicationFilterChain.internalDoFilter(ApplicationFilterChain.java:189) ~[tomcat-embed-core-9.0.46.jar:9.0.46]
	at org.apache.catalina.core.ApplicationFilterChain.doFilter(ApplicationFilterChain.java:162) ~[tomcat-embed-core-9.0.46.jar:9.0.46]
	at org.springframework.web.filter.FormContentFilter.doFilterInternal(FormContentFilter.java:93) ~[spring-web-5.3.7.jar:5.3.7]
	at org.springframework.web.filter.OncePerRequestFilter.doFilter(OncePerRequestFilter.java:119) ~[spring-web-5.3.7.jar:5.3.7]
	at org.apache.catalina.core.ApplicationFilterChain.internalDoFilter(ApplicationFilterChain.java:189) ~[tomcat-embed-core-9.0.46.jar:9.0.46]
	at org.apache.catalina.core.ApplicationFilterChain.doFilter(ApplicationFilterChain.java:162) ~[tomcat-embed-core-9.0.46.jar:9.0.46]
	at org.springframework.web.filter.CharacterEncodingFilter.doFilterInternal(CharacterEncodingFilter.java:201) ~[spring-web-5.3.7.jar:5.3.7]
	at org.springframework.web.filter.OncePerRequestFilter.doFilter(OncePerRequestFilter.java:119) ~[spring-web-5.3.7.jar:5.3.7]
	at org.apache.catalina.core.ApplicationFilterChain.internalDoFilter(ApplicationFilterChain.java:189) ~[tomcat-embed-core-9.0.46.jar:9.0.46]
	at org.apache.catalina.core.ApplicationFilterChain.doFilter(ApplicationFilterChain.java:162) ~[tomcat-embed-core-9.0.46.jar:9.0.46]
	at org.apache.catalina.core.StandardWrapperValve.invoke(StandardWrapperValve.java:202) ~[tomcat-embed-core-9.0.46.jar:9.0.46]
	at org.apache.catalina.core.StandardContextValve.invoke(StandardContextValve.java:97) [tomcat-embed-core-9.0.46.jar:9.0.46]
	at org.apache.catalina.authenticator.AuthenticatorBase.invoke(AuthenticatorBase.java:542) [tomcat-embed-core-9.0.46.jar:9.0.46]
	at org.apache.catalina.core.StandardHostValve.invoke(StandardHostValve.java:143) [tomcat-embed-core-9.0.46.jar:9.0.46]
	at org.apache.catalina.valves.ErrorReportValve.invoke(ErrorReportValve.java:92) [tomcat-embed-core-9.0.46.jar:9.0.46]
	at org.apache.catalina.core.StandardEngineValve.invoke(StandardEngineValve.java:78) [tomcat-embed-core-9.0.46.jar:9.0.46]
	at org.apache.catalina.connector.CoyoteAdapter.service(CoyoteAdapter.java:357) [tomcat-embed-core-9.0.46.jar:9.0.46]
	at org.apache.coyote.http11.Http11Processor.service(Http11Processor.java:374) [tomcat-embed-core-9.0.46.jar:9.0.46]
	at org.apache.coyote.AbstractProcessorLight.process(AbstractProcessorLight.java:65) [tomcat-embed-core-9.0.46.jar:9.0.46]
	at org.apache.coyote.AbstractProtocol$ConnectionHandler.process(AbstractProtocol.java:893) [tomcat-embed-core-9.0.46.jar:9.0.46]
	at org.apache.tomcat.util.net.NioEndpoint$SocketProcessor.doRun(NioEndpoint.java:1707) [tomcat-embed-core-9.0.46.jar:9.0.46]
	at org.apache.tomcat.util.net.SocketProcessorBase.run(SocketProcessorBase.java:49) [tomcat-embed-core-9.0.46.jar:9.0.46]
	at java.util.concurrent.ThreadPoolExecutor.runWorker(ThreadPoolExecutor.java:1149) [na:1.8.0_201]
	at java.util.concurrent.ThreadPoolExecutor$Worker.run(ThreadPoolExecutor.java:624) [na:1.8.0_201]
	at org.apache.tomcat.util.threads.TaskThread$WrappingRunnable.run(TaskThread.java:61) [tomcat-embed-core-9.0.46.jar:9.0.46]
	at java.lang.Thread.run(Thread.java:748) [na:1.8.0_201]

2022-02-15 20:46:44.089  INFO 29076 --- [restartedMain] com.haha.EmsApplication                  : Starting EmsApplication using Java 1.8.0_201 on LAPTOP-UAO6C554 with PID 29076 (D:\Main\JavaDemos\ems\target\classes started by 86182 in D:\Main\JavaDemos\ems)
2022-02-15 20:46:44.090  INFO 29076 --- [restartedMain] com.haha.EmsApplication                  : No active profile set, falling back to default profiles: default
2022-02-15 20:46:44.122  INFO 29076 --- [restartedMain] .e.DevToolsPropertyDefaultsPostProcessor : Devtools property defaults active! Set 'spring.devtools.add-properties' to 'false' to disable
2022-02-15 20:46:44.122  INFO 29076 --- [restartedMain] .e.DevToolsPropertyDefaultsPostProcessor : For additional web related logging consider setting the 'logging.level.web' property to 'DEBUG'
2022-02-15 20:46:44.742  INFO 29076 --- [restartedMain] o.s.b.w.embedded.tomcat.TomcatWebServer  : Tomcat initialized with port(s): 8080 (http)
2022-02-15 20:46:44.748  INFO 29076 --- [restartedMain] o.apache.catalina.core.StandardService   : Starting service [Tomcat]
2022-02-15 20:46:44.748  INFO 29076 --- [restartedMain] org.apache.catalina.core.StandardEngine  : Starting Servlet engine: [Apache Tomcat/9.0.46]
2022-02-15 20:46:44.750  INFO 29076 --- [restartedMain] o.a.catalina.core.AprLifecycleListener   : Loaded Apache Tomcat Native library [1.2.23] using APR version [1.7.0].
2022-02-15 20:46:44.750  INFO 29076 --- [restartedMain] o.a.catalina.core.AprLifecycleListener   : APR capabilities: IPv6 [true], sendfile [true], accept filters [false], random [true].
2022-02-15 20:46:44.750  INFO 29076 --- [restartedMain] o.a.catalina.core.AprLifecycleListener   : APR/OpenSSL configuration: useAprConnector [false], useOpenSSL [true]
2022-02-15 20:46:44.752  INFO 29076 --- [restartedMain] o.a.catalina.core.AprLifecycleListener   : OpenSSL successfully initialized [OpenSSL 1.1.1c  28 May 2019]
2022-02-15 20:46:44.909  INFO 29076 --- [restartedMain] org.apache.jasper.servlet.TldScanner     : At least one JAR was scanned for TLDs yet contained no TLDs. Enable debug logging for this logger for a complete list of JARs that were scanned but no TLDs were found in them. Skipping unneeded JARs during scanning can improve startup time and JSP compilation time.
2022-02-15 20:46:44.914  INFO 29076 --- [restartedMain] o.a.c.c.C.[Tomcat].[localhost].[/ems]    : Initializing Spring embedded WebApplicationContext
2022-02-15 20:46:44.914  INFO 29076 --- [restartedMain] w.s.c.ServletWebServerApplicationContext : Root WebApplicationContext: initialization completed in 791 ms
2022-02-15 20:46:45.343  INFO 29076 --- [restartedMain] o.s.b.d.a.OptionalLiveReloadServer       : LiveReload server is running on port 35729
2022-02-15 20:46:45.373  INFO 29076 --- [restartedMain] o.s.b.w.embedded.tomcat.TomcatWebServer  : Tomcat started on port(s): 8080 (http) with context path '/ems'
2022-02-15 20:46:45.381  INFO 29076 --- [restartedMain] com.haha.EmsApplication                  : Started EmsApplication in 1.568 seconds (JVM running for 2.335)
2022-02-15 20:46:45.382  INFO 29076 --- [restartedMain] o.s.b.a.ApplicationAvailabilityBean      : Application availability state LivenessState changed to CORRECT
2022-02-15 20:46:45.383  INFO 29076 --- [restartedMain] o.s.b.a.ApplicationAvailabilityBean      : Application availability state ReadinessState changed to ACCEPTING_TRAFFIC
2022-02-15 20:46:49.805  INFO 29076 --- [http-nio-8080-exec-1] o.a.c.c.C.[Tomcat].[localhost].[/ems]    : Initializing Spring DispatcherServlet 'dispatcherServlet'
2022-02-15 20:46:49.805  INFO 29076 --- [http-nio-8080-exec-1] o.s.web.servlet.DispatcherServlet        : Initializing Servlet 'dispatcherServlet'
2022-02-15 20:46:49.806  INFO 29076 --- [http-nio-8080-exec-1] o.s.web.servlet.DispatcherServlet        : Completed initialization in 0 ms
2022-02-15 20:48:21.300  INFO 29076 --- [Thread-9] o.s.b.a.ApplicationAvailabilityBean      : Application availability state ReadinessState changed from ACCEPTING_TRAFFIC to REFUSING_TRAFFIC
2022-02-15 20:48:21.530  INFO 29076 --- [Thread-9] com.alibaba.druid.pool.DruidDataSource   : {dataSource-0} closing ...
2022-02-15 20:48:21.636  INFO 29076 --- [restartedMain] com.haha.EmsApplication                  : Starting EmsApplication using Java 1.8.0_201 on LAPTOP-UAO6C554 with PID 29076 (D:\Main\JavaDemos\ems\target\classes started by 86182 in D:\Main\JavaDemos\ems)
2022-02-15 20:48:21.636  INFO 29076 --- [restartedMain] com.haha.EmsApplication                  : No active profile set, falling back to default profiles: default
2022-02-15 20:48:21.792  INFO 29076 --- [restartedMain] o.s.b.w.embedded.tomcat.TomcatWebServer  : Tomcat initialized with port(s): 8080 (http)
2022-02-15 20:48:21.792  INFO 29076 --- [restartedMain] o.apache.catalina.core.StandardService   : Starting service [Tomcat]
2022-02-15 20:48:21.793  INFO 29076 --- [restartedMain] org.apache.catalina.core.StandardEngine  : Starting Servlet engine: [Apache Tomcat/9.0.46]
2022-02-15 20:48:21.793  INFO 29076 --- [restartedMain] o.a.catalina.core.AprLifecycleListener   : Loaded Apache Tomcat Native library [1.2.23] using APR version [1.7.0].
2022-02-15 20:48:21.793  INFO 29076 --- [restartedMain] o.a.catalina.core.AprLifecycleListener   : APR capabilities: IPv6 [true], sendfile [true], accept filters [false], random [true].
2022-02-15 20:48:21.793  INFO 29076 --- [restartedMain] o.a.catalina.core.AprLifecycleListener   : APR/OpenSSL configuration: useAprConnector [false], useOpenSSL [true]
2022-02-15 20:48:21.793  INFO 29076 --- [restartedMain] o.a.catalina.core.AprLifecycleListener   : OpenSSL successfully initialized [OpenSSL 1.1.1c  28 May 2019]
2022-02-15 20:48:21.861  INFO 29076 --- [restartedMain] org.apache.jasper.servlet.TldScanner     : At least one JAR was scanned for TLDs yet contained no TLDs. Enable debug logging for this logger for a complete list of JARs that were scanned but no TLDs were found in them. Skipping unneeded JARs during scanning can improve startup time and JSP compilation time.
2022-02-15 20:48:21.863  INFO 29076 --- [restartedMain] o.a.c.c.C.[Tomcat].[localhost].[/ems]    : Initializing Spring embedded WebApplicationContext
2022-02-15 20:48:21.863  INFO 29076 --- [restartedMain] w.s.c.ServletWebServerApplicationContext : Root WebApplicationContext: initialization completed in 226 ms
2022-02-15 20:48:21.945  INFO 29076 --- [restartedMain] o.s.b.d.a.OptionalLiveReloadServer       : LiveReload server is running on port 35729
2022-02-15 20:48:21.955  INFO 29076 --- [restartedMain] o.s.b.w.embedded.tomcat.TomcatWebServer  : Tomcat started on port(s): 8080 (http) with context path '/ems'
2022-02-15 20:48:21.958  INFO 29076 --- [restartedMain] com.haha.EmsApplication                  : Started EmsApplication in 0.343 seconds (JVM running for 98.913)
2022-02-15 20:48:21.958  INFO 29076 --- [restartedMain] o.s.b.a.ApplicationAvailabilityBean      : Application availability state LivenessState changed to CORRECT
2022-02-15 20:48:21.959  INFO 29076 --- [restartedMain] .ConditionEvaluationDeltaLoggingListener : Condition evaluation unchanged
2022-02-15 20:48:21.959  INFO 29076 --- [restartedMain] o.s.b.a.ApplicationAvailabilityBean      : Application availability state ReadinessState changed to ACCEPTING_TRAFFIC
2022-02-15 20:49:26.842  INFO 35404 --- [restartedMain] com.haha.EmsApplication                  : Starting EmsApplication using Java 1.8.0_201 on LAPTOP-UAO6C554 with PID 35404 (D:\Main\JavaDemos\ems\target\classes started by 86182 in D:\Main\JavaDemos\ems)
2022-02-15 20:49:26.844  INFO 35404 --- [restartedMain] com.haha.EmsApplication                  : No active profile set, falling back to default profiles: default
2022-02-15 20:49:26.874  INFO 35404 --- [restartedMain] .e.DevToolsPropertyDefaultsPostProcessor : Devtools property defaults active! Set 'spring.devtools.add-properties' to 'false' to disable
2022-02-15 20:49:26.874  INFO 35404 --- [restartedMain] .e.DevToolsPropertyDefaultsPostProcessor : For additional web related logging consider setting the 'logging.level.web' property to 'DEBUG'
2022-02-15 20:49:27.475  INFO 35404 --- [restartedMain] o.s.b.w.embedded.tomcat.TomcatWebServer  : Tomcat initialized with port(s): 8080 (http)
2022-02-15 20:49:27.480  INFO 35404 --- [restartedMain] o.apache.catalina.core.StandardService   : Starting service [Tomcat]
2022-02-15 20:49:27.481  INFO 35404 --- [restartedMain] org.apache.catalina.core.StandardEngine  : Starting Servlet engine: [Apache Tomcat/9.0.46]
2022-02-15 20:49:27.482  INFO 35404 --- [restartedMain] o.a.catalina.core.AprLifecycleListener   : Loaded Apache Tomcat Native library [1.2.23] using APR version [1.7.0].
2022-02-15 20:49:27.482  INFO 35404 --- [restartedMain] o.a.catalina.core.AprLifecycleListener   : APR capabilities: IPv6 [true], sendfile [true], accept filters [false], random [true].
2022-02-15 20:49:27.482  INFO 35404 --- [restartedMain] o.a.catalina.core.AprLifecycleListener   : APR/OpenSSL configuration: useAprConnector [false], useOpenSSL [true]
2022-02-15 20:49:27.484  INFO 35404 --- [restartedMain] o.a.catalina.core.AprLifecycleListener   : OpenSSL successfully initialized [OpenSSL 1.1.1c  28 May 2019]
2022-02-15 20:49:27.643  INFO 35404 --- [restartedMain] org.apache.jasper.servlet.TldScanner     : At least one JAR was scanned for TLDs yet contained no TLDs. Enable debug logging for this logger for a complete list of JARs that were scanned but no TLDs were found in them. Skipping unneeded JARs during scanning can improve startup time and JSP compilation time.
2022-02-15 20:49:27.648  INFO 35404 --- [restartedMain] o.a.c.c.C.[Tomcat].[localhost].[/ems]    : Initializing Spring embedded WebApplicationContext
2022-02-15 20:49:27.648  INFO 35404 --- [restartedMain] w.s.c.ServletWebServerApplicationContext : Root WebApplicationContext: initialization completed in 773 ms
2022-02-15 20:49:28.045  INFO 35404 --- [restartedMain] o.s.b.d.a.OptionalLiveReloadServer       : LiveReload server is running on port 35729
2022-02-15 20:49:28.073  INFO 35404 --- [restartedMain] o.s.b.w.embedded.tomcat.TomcatWebServer  : Tomcat started on port(s): 8080 (http) with context path '/ems'
2022-02-15 20:49:28.079  INFO 35404 --- [restartedMain] com.haha.EmsApplication                  : Started EmsApplication in 1.526 seconds (JVM running for 2.215)
2022-02-15 20:49:28.080  INFO 35404 --- [restartedMain] o.s.b.a.ApplicationAvailabilityBean      : Application availability state LivenessState changed to CORRECT
2022-02-15 20:49:28.081  INFO 35404 --- [restartedMain] o.s.b.a.ApplicationAvailabilityBean      : Application availability state ReadinessState changed to ACCEPTING_TRAFFIC
2022-02-15 20:49:36.850  INFO 35404 --- [http-nio-8080-exec-1] o.a.c.c.C.[Tomcat].[localhost].[/ems]    : Initializing Spring DispatcherServlet 'dispatcherServlet'
2022-02-15 20:49:36.850  INFO 35404 --- [http-nio-8080-exec-1] o.s.web.servlet.DispatcherServlet        : Initializing Servlet 'dispatcherServlet'
2022-02-15 20:49:36.851  INFO 35404 --- [http-nio-8080-exec-1] o.s.web.servlet.DispatcherServlet        : Completed initialization in 1 ms
2022-02-15 20:50:13.533  INFO 35404 --- [Thread-9] o.s.b.a.ApplicationAvailabilityBean      : Application availability state ReadinessState changed from ACCEPTING_TRAFFIC to REFUSING_TRAFFIC
2022-02-15 20:50:13.755  INFO 35404 --- [Thread-9] com.alibaba.druid.pool.DruidDataSource   : {dataSource-0} closing ...
2022-02-15 20:50:13.857  INFO 35404 --- [restartedMain] com.haha.EmsApplication                  : Starting EmsApplication using Java 1.8.0_201 on LAPTOP-UAO6C554 with PID 35404 (D:\Main\JavaDemos\ems\target\classes started by 86182 in D:\Main\JavaDemos\ems)
2022-02-15 20:50:13.857  INFO 35404 --- [restartedMain] com.haha.EmsApplication                  : No active profile set, falling back to default profiles: default
2022-02-15 20:50:14.007  INFO 35404 --- [restartedMain] o.s.b.w.embedded.tomcat.TomcatWebServer  : Tomcat initialized with port(s): 8080 (http)
2022-02-15 20:50:14.008  INFO 35404 --- [restartedMain] o.apache.catalina.core.StandardService   : Starting service [Tomcat]
2022-02-15 20:50:14.008  INFO 35404 --- [restartedMain] org.apache.catalina.core.StandardEngine  : Starting Servlet engine: [Apache Tomcat/9.0.46]
2022-02-15 20:50:14.009  INFO 35404 --- [restartedMain] o.a.catalina.core.AprLifecycleListener   : Loaded Apache Tomcat Native library [1.2.23] using APR version [1.7.0].
2022-02-15 20:50:14.009  INFO 35404 --- [restartedMain] o.a.catalina.core.AprLifecycleListener   : APR capabilities: IPv6 [true], sendfile [true], accept filters [false], random [true].
2022-02-15 20:50:14.009  INFO 35404 --- [restartedMain] o.a.catalina.core.AprLifecycleListener   : APR/OpenSSL configuration: useAprConnector [false], useOpenSSL [true]
2022-02-15 20:50:14.009  INFO 35404 --- [restartedMain] o.a.catalina.core.AprLifecycleListener   : OpenSSL successfully initialized [OpenSSL 1.1.1c  28 May 2019]
2022-02-15 20:50:14.078  INFO 35404 --- [restartedMain] org.apache.jasper.servlet.TldScanner     : At least one JAR was scanned for TLDs yet contained no TLDs. Enable debug logging for this logger for a complete list of JARs that were scanned but no TLDs were found in them. Skipping unneeded JARs during scanning can improve startup time and JSP compilation time.
2022-02-15 20:50:14.080  INFO 35404 --- [restartedMain] o.a.c.c.C.[Tomcat].[localhost].[/ems]    : Initializing Spring embedded WebApplicationContext
2022-02-15 20:50:14.080  INFO 35404 --- [restartedMain] w.s.c.ServletWebServerApplicationContext : Root WebApplicationContext: initialization completed in 221 ms
2022-02-15 20:50:14.154  INFO 35404 --- [restartedMain] o.s.b.d.a.OptionalLiveReloadServer       : LiveReload server is running on port 35729
2022-02-15 20:50:14.163  INFO 35404 --- [restartedMain] o.s.b.w.embedded.tomcat.TomcatWebServer  : Tomcat started on port(s): 8080 (http) with context path '/ems'
2022-02-15 20:50:14.165  INFO 35404 --- [restartedMain] com.haha.EmsApplication                  : Started EmsApplication in 0.327 seconds (JVM running for 48.3)
2022-02-15 20:50:14.165  INFO 35404 --- [restartedMain] o.s.b.a.ApplicationAvailabilityBean      : Application availability state LivenessState changed to CORRECT
2022-02-15 20:50:14.166  INFO 35404 --- [restartedMain] .ConditionEvaluationDeltaLoggingListener : Condition evaluation unchanged
2022-02-15 20:50:14.166  INFO 35404 --- [restartedMain] o.s.b.a.ApplicationAvailabilityBean      : Application availability state ReadinessState changed to ACCEPTING_TRAFFIC
2022-02-15 20:50:23.201  INFO 35404 --- [http-nio-8080-exec-2] o.a.c.c.C.[Tomcat].[localhost].[/ems]    : Initializing Spring DispatcherServlet 'dispatcherServlet'
2022-02-15 20:50:23.202  INFO 35404 --- [http-nio-8080-exec-2] o.s.web.servlet.DispatcherServlet        : Initializing Servlet 'dispatcherServlet'
2022-02-15 20:50:23.202  INFO 35404 --- [http-nio-8080-exec-2] o.s.web.servlet.DispatcherServlet        : Completed initialization in 0 ms
2022-02-15 20:51:09.538  INFO 27532 --- [restartedMain] com.haha.EmsApplication                  : Starting EmsApplication using Java 1.8.0_201 on LAPTOP-UAO6C554 with PID 27532 (D:\Main\JavaDemos\ems\target\classes started by 86182 in D:\Main\JavaDemos\ems)
2022-02-15 20:51:09.540  INFO 27532 --- [restartedMain] com.haha.EmsApplication                  : No active profile set, falling back to default profiles: default
2022-02-15 20:51:09.571  INFO 27532 --- [restartedMain] .e.DevToolsPropertyDefaultsPostProcessor : Devtools property defaults active! Set 'spring.devtools.add-properties' to 'false' to disable
2022-02-15 20:51:09.571  INFO 27532 --- [restartedMain] .e.DevToolsPropertyDefaultsPostProcessor : For additional web related logging consider setting the 'logging.level.web' property to 'DEBUG'
2022-02-15 20:51:10.149  INFO 27532 --- [restartedMain] o.s.b.w.embedded.tomcat.TomcatWebServer  : Tomcat initialized with port(s): 8080 (http)
2022-02-15 20:51:10.154  INFO 27532 --- [restartedMain] o.apache.catalina.core.StandardService   : Starting service [Tomcat]
2022-02-15 20:51:10.155  INFO 27532 --- [restartedMain] org.apache.catalina.core.StandardEngine  : Starting Servlet engine: [Apache Tomcat/9.0.46]
2022-02-15 20:51:10.156  INFO 27532 --- [restartedMain] o.a.catalina.core.AprLifecycleListener   : Loaded Apache Tomcat Native library [1.2.23] using APR version [1.7.0].
2022-02-15 20:51:10.156  INFO 27532 --- [restartedMain] o.a.catalina.core.AprLifecycleListener   : APR capabilities: IPv6 [true], sendfile [true], accept filters [false], random [true].
2022-02-15 20:51:10.156  INFO 27532 --- [restartedMain] o.a.catalina.core.AprLifecycleListener   : APR/OpenSSL configuration: useAprConnector [false], useOpenSSL [true]
2022-02-15 20:51:10.158  INFO 27532 --- [restartedMain] o.a.catalina.core.AprLifecycleListener   : OpenSSL successfully initialized [OpenSSL 1.1.1c  28 May 2019]
2022-02-15 20:51:10.317  INFO 27532 --- [restartedMain] org.apache.jasper.servlet.TldScanner     : At least one JAR was scanned for TLDs yet contained no TLDs. Enable debug logging for this logger for a complete list of JARs that were scanned but no TLDs were found in them. Skipping unneeded JARs during scanning can improve startup time and JSP compilation time.
2022-02-15 20:51:10.322  INFO 27532 --- [restartedMain] o.a.c.c.C.[Tomcat].[localhost].[/ems]    : Initializing Spring embedded WebApplicationContext
2022-02-15 20:51:10.322  INFO 27532 --- [restartedMain] w.s.c.ServletWebServerApplicationContext : Root WebApplicationContext: initialization completed in 750 ms
2022-02-15 20:51:10.708  INFO 27532 --- [restartedMain] o.s.b.d.a.OptionalLiveReloadServer       : LiveReload server is running on port 35729
2022-02-15 20:51:10.735  INFO 27532 --- [restartedMain] o.s.b.w.embedded.tomcat.TomcatWebServer  : Tomcat started on port(s): 8080 (http) with context path '/ems'
2022-02-15 20:51:10.742  INFO 27532 --- [restartedMain] com.haha.EmsApplication                  : Started EmsApplication in 1.484 seconds (JVM running for 2.252)
2022-02-15 20:51:10.743  INFO 27532 --- [restartedMain] o.s.b.a.ApplicationAvailabilityBean      : Application availability state LivenessState changed to CORRECT
2022-02-15 20:51:10.744  INFO 27532 --- [restartedMain] o.s.b.a.ApplicationAvailabilityBean      : Application availability state ReadinessState changed to ACCEPTING_TRAFFIC
2022-02-15 20:51:18.731  INFO 27532 --- [http-nio-8080-exec-2] o.a.c.c.C.[Tomcat].[localhost].[/ems]    : Initializing Spring DispatcherServlet 'dispatcherServlet'
2022-02-15 20:51:18.731  INFO 27532 --- [http-nio-8080-exec-2] o.s.web.servlet.DispatcherServlet        : Initializing Servlet 'dispatcherServlet'
2022-02-15 20:51:18.732  INFO 27532 --- [http-nio-8080-exec-2] o.s.web.servlet.DispatcherServlet        : Completed initialization in 1 ms
2022-02-15 20:51:42.897 ERROR 27532 --- [http-nio-8080-exec-10] o.a.c.c.C.[.[localhost].[/ems].[jsp]     : Servlet.service() for servlet [jsp] in context with path [/ems] threw exception [/register.jsp (line: [31], column: [16]) #{...} is not allowed in template text] with root cause

org.apache.jasper.JasperException: /register.jsp (line: [31], column: [16]) #{...} is not allowed in template text
	at org.apache.jasper.compiler.DefaultErrorHandler.jspError(DefaultErrorHandler.java:42) ~[tomcat-embed-jasper-9.0.46.jar:9.0.46]
	at org.apache.jasper.compiler.ErrorDispatcher.dispatch(ErrorDispatcher.java:292) ~[tomcat-embed-jasper-9.0.46.jar:9.0.46]
	at org.apache.jasper.compiler.ErrorDispatcher.jspError(ErrorDispatcher.java:115) ~[tomcat-embed-jasper-9.0.46.jar:9.0.46]
	at org.apache.jasper.compiler.Validator$ValidateVisitor.visit(Validator.java:745) ~[tomcat-embed-jasper-9.0.46.jar:9.0.46]
	at org.apache.jasper.compiler.Node$ELExpression.accept(Node.java:958) ~[tomcat-embed-jasper-9.0.46.jar:9.0.46]
	at org.apache.jasper.compiler.Node$Nodes.visit(Node.java:2389) ~[tomcat-embed-jasper-9.0.46.jar:9.0.46]
	at org.apache.jasper.compiler.Node$Visitor.visitBody(Node.java:2441) ~[tomcat-embed-jasper-9.0.46.jar:9.0.46]
	at org.apache.jasper.compiler.Node$Visitor.visit(Node.java:2447) ~[tomcat-embed-jasper-9.0.46.jar:9.0.46]
	at org.apache.jasper.compiler.Node$Root.accept(Node.java:470) ~[tomcat-embed-jasper-9.0.46.jar:9.0.46]
	at org.apache.jasper.compiler.Node$Nodes.visit(Node.java:2389) ~[tomcat-embed-jasper-9.0.46.jar:9.0.46]
	at org.apache.jasper.compiler.Validator.validateExDirectives(Validator.java:1857) ~[tomcat-embed-jasper-9.0.46.jar:9.0.46]
	at org.apache.jasper.compiler.Compiler.generateJava(Compiler.java:225) ~[tomcat-embed-jasper-9.0.46.jar:9.0.46]
	at org.apache.jasper.compiler.Compiler.compile(Compiler.java:392) ~[tomcat-embed-jasper-9.0.46.jar:9.0.46]
	at org.apache.jasper.compiler.Compiler.compile(Compiler.java:368) ~[tomcat-embed-jasper-9.0.46.jar:9.0.46]
	at org.apache.jasper.compiler.Compiler.compile(Compiler.java:352) ~[tomcat-embed-jasper-9.0.46.jar:9.0.46]
	at org.apache.jasper.JspCompilationContext.compile(JspCompilationContext.java:605) ~[tomcat-embed-jasper-9.0.46.jar:9.0.46]
	at org.apache.jasper.servlet.JspServletWrapper.service(JspServletWrapper.java:400) ~[tomcat-embed-jasper-9.0.46.jar:9.0.46]
	at org.apache.jasper.servlet.JspServlet.serviceJspFile(JspServlet.java:378) ~[tomcat-embed-jasper-9.0.46.jar:9.0.46]
	at org.apache.jasper.servlet.JspServlet.service(JspServlet.java:326) ~[tomcat-embed-jasper-9.0.46.jar:9.0.46]
	at javax.servlet.http.HttpServlet.service(HttpServlet.java:733) ~[tomcat-embed-core-9.0.46.jar:4.0.FR]
	at org.apache.catalina.core.ApplicationFilterChain.internalDoFilter(ApplicationFilterChain.java:227) ~[tomcat-embed-core-9.0.46.jar:9.0.46]
	at org.apache.catalina.core.ApplicationFilterChain.doFilter(ApplicationFilterChain.java:162) ~[tomcat-embed-core-9.0.46.jar:9.0.46]
	at org.apache.tomcat.websocket.server.WsFilter.doFilter(WsFilter.java:53) ~[tomcat-embed-websocket-9.0.46.jar:9.0.46]
	at org.apache.catalina.core.ApplicationFilterChain.internalDoFilter(ApplicationFilterChain.java:189) ~[tomcat-embed-core-9.0.46.jar:9.0.46]
	at org.apache.catalina.core.ApplicationFilterChain.doFilter(ApplicationFilterChain.java:162) ~[tomcat-embed-core-9.0.46.jar:9.0.46]
	at org.springframework.web.filter.RequestContextFilter.doFilterInternal(RequestContextFilter.java:100) ~[spring-web-5.3.7.jar:5.3.7]
	at org.springframework.web.filter.OncePerRequestFilter.doFilter(OncePerRequestFilter.java:119) ~[spring-web-5.3.7.jar:5.3.7]
	at org.apache.catalina.core.ApplicationFilterChain.internalDoFilter(ApplicationFilterChain.java:189) ~[tomcat-embed-core-9.0.46.jar:9.0.46]
	at org.apache.catalina.core.ApplicationFilterChain.doFilter(ApplicationFilterChain.java:162) ~[tomcat-embed-core-9.0.46.jar:9.0.46]
	at org.springframework.web.filter.FormContentFilter.doFilterInternal(FormContentFilter.java:93) ~[spring-web-5.3.7.jar:5.3.7]
	at org.springframework.web.filter.OncePerRequestFilter.doFilter(OncePerRequestFilter.java:119) ~[spring-web-5.3.7.jar:5.3.7]
	at org.apache.catalina.core.ApplicationFilterChain.internalDoFilter(ApplicationFilterChain.java:189) ~[tomcat-embed-core-9.0.46.jar:9.0.46]
	at org.apache.catalina.core.ApplicationFilterChain.doFilter(ApplicationFilterChain.java:162) ~[tomcat-embed-core-9.0.46.jar:9.0.46]
	at org.springframework.web.filter.CharacterEncodingFilter.doFilterInternal(CharacterEncodingFilter.java:201) ~[spring-web-5.3.7.jar:5.3.7]
	at org.springframework.web.filter.OncePerRequestFilter.doFilter(OncePerRequestFilter.java:119) ~[spring-web-5.3.7.jar:5.3.7]
	at org.apache.catalina.core.ApplicationFilterChain.internalDoFilter(ApplicationFilterChain.java:189) ~[tomcat-embed-core-9.0.46.jar:9.0.46]
	at org.apache.catalina.core.ApplicationFilterChain.doFilter(ApplicationFilterChain.java:162) ~[tomcat-embed-core-9.0.46.jar:9.0.46]
	at org.apache.catalina.core.StandardWrapperValve.invoke(StandardWrapperValve.java:202) ~[tomcat-embed-core-9.0.46.jar:9.0.46]
	at org.apache.catalina.core.StandardContextValve.invoke(StandardContextValve.java:97) [tomcat-embed-core-9.0.46.jar:9.0.46]
	at org.apache.catalina.authenticator.AuthenticatorBase.invoke(AuthenticatorBase.java:542) [tomcat-embed-core-9.0.46.jar:9.0.46]
	at org.apache.catalina.core.StandardHostValve.invoke(StandardHostValve.java:143) [tomcat-embed-core-9.0.46.jar:9.0.46]
	at org.apache.catalina.valves.ErrorReportValve.invoke(ErrorReportValve.java:92) [tomcat-embed-core-9.0.46.jar:9.0.46]
	at org.apache.catalina.core.StandardEngineValve.invoke(StandardEngineValve.java:78) [tomcat-embed-core-9.0.46.jar:9.0.46]
	at org.apache.catalina.connector.CoyoteAdapter.service(CoyoteAdapter.java:357) [tomcat-embed-core-9.0.46.jar:9.0.46]
	at org.apache.coyote.http11.Http11Processor.service(Http11Processor.java:374) [tomcat-embed-core-9.0.46.jar:9.0.46]
	at org.apache.coyote.AbstractProcessorLight.process(AbstractProcessorLight.java:65) [tomcat-embed-core-9.0.46.jar:9.0.46]
	at org.apache.coyote.AbstractProtocol$ConnectionHandler.process(AbstractProtocol.java:893) [tomcat-embed-core-9.0.46.jar:9.0.46]
	at org.apache.tomcat.util.net.NioEndpoint$SocketProcessor.doRun(NioEndpoint.java:1707) [tomcat-embed-core-9.0.46.jar:9.0.46]
	at org.apache.tomcat.util.net.SocketProcessorBase.run(SocketProcessorBase.java:49) [tomcat-embed-core-9.0.46.jar:9.0.46]
	at java.util.concurrent.ThreadPoolExecutor.runWorker(ThreadPoolExecutor.java:1149) [na:1.8.0_201]
	at java.util.concurrent.ThreadPoolExecutor$Worker.run(ThreadPoolExecutor.java:624) [na:1.8.0_201]
	at org.apache.tomcat.util.threads.TaskThread$WrappingRunnable.run(TaskThread.java:61) [tomcat-embed-core-9.0.46.jar:9.0.46]
	at java.lang.Thread.run(Thread.java:748) [na:1.8.0_201]

2022-02-15 20:53:32.442  INFO 27532 --- [http-nio-8080-exec-4] com.alibaba.druid.pool.DruidDataSource   : {dataSource-1} inited
2022-02-15 20:53:32.836 DEBUG 27532 --- [http-nio-8080-exec-4] com.haha.dao.UserDao.findByUserName      : ==>  Preparing: select id, username, realname, password, gender from user where username = ?
2022-02-15 20:53:32.849 DEBUG 27532 --- [http-nio-8080-exec-4] com.haha.dao.UserDao.findByUserName      : ==> Parameters: (String)
2022-02-15 20:53:32.860 DEBUG 27532 --- [http-nio-8080-exec-4] com.haha.dao.UserDao.findByUserName      : <==      Total: 0
2022-02-15 20:53:32.862 DEBUG 27532 --- [http-nio-8080-exec-4] com.haha.dao.UserDao.save                : ==>  Preparing: insert into user values(?, ?, ?, ?, ?)
2022-02-15 20:53:32.863 DEBUG 27532 --- [http-nio-8080-exec-4] com.haha.dao.UserDao.save                : ==> Parameters: null, (String), (String), f379eaf3c831b04de153469d1bec345e(String), true(Boolean)
2022-02-15 20:53:32.865 DEBUG 27532 --- [http-nio-8080-exec-4] com.haha.dao.UserDao.save                : <==    Updates: 1
2022-02-15 20:54:34.899  WARN 27532 --- [http-nio-8080-exec-10] c.a.druid.pool.DruidAbstractDataSource   : discard long time none received connection. , jdbcUrl : jdbc:mysql://localhost:3306/ems?characterEncoding=UTF-8, version : 1.2.4, lastPacketReceivedIdleMillis : 62023
2022-02-15 20:54:34.913 DEBUG 27532 --- [http-nio-8080-exec-10] com.haha.dao.UserDao.findByUserName      : ==>  Preparing: select id, username, realname, password, gender from user where username = ?
2022-02-15 20:54:34.913 DEBUG 27532 --- [http-nio-8080-exec-10] com.haha.dao.UserDao.findByUserName      : ==> Parameters: (String)
2022-02-15 20:54:34.915 DEBUG 27532 --- [http-nio-8080-exec-10] com.haha.dao.UserDao.findByUserName      : <==      Total: 1
